ARM GAS  /tmp/ccfEy0nF.s 			page 1


   1              		.cpu cortex-m3
   2              		.eabi_attribute 20, 1
   3              		.eabi_attribute 21, 1
   4              		.eabi_attribute 23, 3
   5              		.eabi_attribute 24, 1
   6              		.eabi_attribute 25, 1
   7              		.eabi_attribute 26, 1
   8              		.eabi_attribute 30, 2
   9              		.eabi_attribute 34, 1
  10              		.eabi_attribute 18, 4
  11              		.file	"osal.c"
  12              		.file 1 "/usr/lib/gcc/arm-none-eabi/9.2.1/include/stddef.h"
  13              		.file 2 "/usr/lib/gcc/arm-none-eabi/9.2.1/include/stdint.h"
  14              		.file 3 "./ChibiOS_21.6.0/os/common/ports/ARM-common/chtypes.h"
  15              		.file 4 "./ChibiOS_21.6.0/os/rt/include/chearly.h"
  16              		.file 5 "./ChibiOS_21.6.0/os/rt/include/chobjects.h"
  17              		.file 6 "./ChibiOS_21.6.0/os/rt/include/chrfcu.h"
  18              		.file 7 "./ChibiOS_21.6.0/os/rt/include/chdebug.h"
  19              		.file 8 "./ChibiOS_21.6.0/os/rt/include/chtime.h"
  20              		.file 9 "./ChibiOS_21.6.0/os/rt/include/chlists.h"
  21              		.file 10 "./ChibiOS_21.6.0/os/common/ext/ARM/CMSIS/Core/Include/core_cm3.h"
  22              		.file 11 "./ChibiOS_21.6.0/os/common/ext/ST/STM32F1xx/system_stm32f1xx.h"
  23              		.file 12 "./ChibiOS_21.6.0/os/common/ports/ARMv7-M/chcore.h"
  24              		.file 13 "./ChibiOS_21.6.0/os/rt/include/chtm.h"
  25              		.file 14 "./ChibiOS_21.6.0/os/rt/include/chsem.h"
  26              		.file 15 "./ChibiOS_21.6.0/os/rt/include/chmtx.h"
  27              		.file 16 "./ChibiOS_21.6.0/os/rt/include/chsys.h"
  28              		.file 17 "./ChibiOS_21.6.0/os/rt/include/chregistry.h"
  29              		.file 18 "./ChibiOS_21.6.0/os/oslib/include/chmemcore.h"
  30              		.file 19 "./ChibiOS_21.6.0/os/oslib/include/chmempools.h"
  31              		.file 20 "./ChibiOS_21.6.0/os/oslib/include/chfactory.h"
  32              		.section	.gnu.debuglto_.debug_info,"e",%progbits
  33              	.Ldebug_info0:
  34              		.hidden	osal.c.2141b95a
  35              		.weak	osal.c.2141b95a
  36              	osal.c.2141b95a:
  37 0000 9A0B0000 		.4byte	0xb9a
  38 0004 0400     		.2byte	0x4
  39 0006 00000000 		.4byte	.Ldebug_abbrev0
  40 000a 04       		.byte	0x4
  41 000b 01       		.uleb128 0x1
  42 000c C5000000 		.4byte	.LASF169
  43 0010 0C       		.byte	0xc
  44 0011 4B020000 		.4byte	.LASF170
  45 0015 16040000 		.4byte	.LASF171
  46 0019 00000000 		.4byte	.Ldebug_line0
  47 001d 02       		.uleb128 0x2
  48 001e 04       		.byte	0x4
  49 001f 05       		.byte	0x5
  50 0020 696E7400 		.ascii	"int\000"
  51 0024 03       		.uleb128 0x3
  52 0025 12000000 		.4byte	.LASF5
  53 0029 01       		.byte	0x1
  54 002a D1       		.byte	0xd1
  55 002b 17       		.byte	0x17
  56 002c 30000000 		.4byte	0x30
  57 0030 04       		.uleb128 0x4
ARM GAS  /tmp/ccfEy0nF.s 			page 2


  58 0031 04       		.byte	0x4
  59 0032 07       		.byte	0x7
  60 0033 5B030000 		.4byte	.LASF0
  61 0037 04       		.uleb128 0x4
  62 0038 08       		.byte	0x8
  63 0039 05       		.byte	0x5
  64 003a 02020000 		.4byte	.LASF1
  65 003e 04       		.uleb128 0x4
  66 003f 08       		.byte	0x8
  67 0040 04       		.byte	0x4
  68 0041 F4040000 		.4byte	.LASF2
  69 0045 04       		.uleb128 0x4
  70 0046 01       		.byte	0x1
  71 0047 06       		.byte	0x6
  72 0048 10020000 		.4byte	.LASF3
  73 004c 04       		.uleb128 0x4
  74 004d 02       		.byte	0x2
  75 004e 05       		.byte	0x5
  76 004f 0E060000 		.4byte	.LASF4
  77 0053 03       		.uleb128 0x3
  78 0054 DB050000 		.4byte	.LASF6
  79 0058 02       		.byte	0x2
  80 0059 28       		.byte	0x28
  81 005a 18       		.byte	0x18
  82 005b 64000000 		.4byte	0x64
  83 005f 05       		.uleb128 0x5
  84 0060 53000000 		.4byte	0x53
  85 0064 04       		.uleb128 0x4
  86 0065 04       		.byte	0x4
  87 0066 05       		.byte	0x5
  88 0067 8E020000 		.4byte	.LASF7
  89 006b 03       		.uleb128 0x3
  90 006c D2070000 		.4byte	.LASF8
  91 0070 02       		.byte	0x2
  92 0071 2E       		.byte	0x2e
  93 0072 18       		.byte	0x18
  94 0073 7C000000 		.4byte	0x7c
  95 0077 06       		.uleb128 0x6
  96 0078 6B000000 		.4byte	0x6b
  97 007c 04       		.uleb128 0x4
  98 007d 01       		.byte	0x1
  99 007e 08       		.byte	0x8
 100 007f E3050000 		.4byte	.LASF9
 101 0083 03       		.uleb128 0x3
 102 0084 C4020000 		.4byte	.LASF10
 103 0088 02       		.byte	0x2
 104 0089 31       		.byte	0x31
 105 008a 19       		.byte	0x19
 106 008b 8F000000 		.4byte	0x8f
 107 008f 04       		.uleb128 0x4
 108 0090 02       		.byte	0x2
 109 0091 07       		.byte	0x7
 110 0092 46070000 		.4byte	.LASF11
 111 0096 03       		.uleb128 0x3
 112 0097 7A060000 		.4byte	.LASF12
 113 009b 02       		.byte	0x2
 114 009c 34       		.byte	0x34
ARM GAS  /tmp/ccfEy0nF.s 			page 3


 115 009d 19       		.byte	0x19
 116 009e A2000000 		.4byte	0xa2
 117 00a2 04       		.uleb128 0x4
 118 00a3 04       		.byte	0x4
 119 00a4 07       		.byte	0x7
 120 00a5 A0060000 		.4byte	.LASF13
 121 00a9 03       		.uleb128 0x3
 122 00aa 26000000 		.4byte	.LASF14
 123 00ae 02       		.byte	0x2
 124 00af 37       		.byte	0x37
 125 00b0 19       		.byte	0x19
 126 00b1 BA000000 		.4byte	0xba
 127 00b5 05       		.uleb128 0x5
 128 00b6 A9000000 		.4byte	0xa9
 129 00ba 04       		.uleb128 0x4
 130 00bb 08       		.byte	0x8
 131 00bc 07       		.byte	0x7
 132 00bd 9F000000 		.4byte	.LASF15
 133 00c1 03       		.uleb128 0x3
 134 00c2 16050000 		.4byte	.LASF16
 135 00c6 03       		.byte	0x3
 136 00c7 36       		.byte	0x36
 137 00c8 1D       		.byte	0x1d
 138 00c9 96000000 		.4byte	0x96
 139 00cd 03       		.uleb128 0x3
 140 00ce 8A060000 		.4byte	.LASF17
 141 00d2 03       		.byte	0x3
 142 00d3 48       		.byte	0x48
 143 00d4 1D       		.byte	0x1d
 144 00d5 A9000000 		.4byte	0xa9
 145 00d9 03       		.uleb128 0x3
 146 00da C2040000 		.4byte	.LASF18
 147 00de 04       		.byte	0x4
 148 00df 4D       		.byte	0x4d
 149 00e0 19       		.byte	0x19
 150 00e1 C1000000 		.4byte	0xc1
 151 00e5 03       		.uleb128 0x3
 152 00e6 79040000 		.4byte	.LASF19
 153 00ea 04       		.byte	0x4
 154 00eb 50       		.byte	0x50
 155 00ec 19       		.byte	0x19
 156 00ed CD000000 		.4byte	0xcd
 157 00f1 03       		.uleb128 0x3
 158 00f2 0E040000 		.4byte	.LASF20
 159 00f6 04       		.byte	0x4
 160 00f7 53       		.byte	0x53
 161 00f8 19       		.byte	0x19
 162 00f9 6B000000 		.4byte	0x6b
 163 00fd 03       		.uleb128 0x3
 164 00fe 97020000 		.4byte	.LASF21
 165 0102 04       		.byte	0x4
 166 0103 54       		.byte	0x54
 167 0104 19       		.byte	0x19
 168 0105 6B000000 		.4byte	0x6b
 169 0109 03       		.uleb128 0x3
 170 010a A1050000 		.4byte	.LASF22
 171 010e 04       		.byte	0x4
ARM GAS  /tmp/ccfEy0nF.s 			page 4


 172 010f 55       		.byte	0x55
 173 0110 19       		.byte	0x19
 174 0111 6B000000 		.4byte	0x6b
 175 0115 03       		.uleb128 0x3
 176 0116 C2050000 		.4byte	.LASF23
 177 011a 04       		.byte	0x4
 178 011b 57       		.byte	0x57
 179 011c 19       		.byte	0x19
 180 011d 96000000 		.4byte	0x96
 181 0121 03       		.uleb128 0x3
 182 0122 D9030000 		.4byte	.LASF24
 183 0126 04       		.byte	0x4
 184 0127 58       		.byte	0x58
 185 0128 19       		.byte	0x19
 186 0129 53000000 		.4byte	0x53
 187 012d 03       		.uleb128 0x3
 188 012e 5F040000 		.4byte	.LASF25
 189 0132 04       		.byte	0x4
 190 0133 5A       		.byte	0x5a
 191 0134 19       		.byte	0x19
 192 0135 96000000 		.4byte	0x96
 193 0139 03       		.uleb128 0x3
 194 013a 55030000 		.4byte	.LASF26
 195 013e 04       		.byte	0x4
 196 013f 5C       		.byte	0x5c
 197 0140 19       		.byte	0x19
 198 0141 53000000 		.4byte	0x53
 199 0145 03       		.uleb128 0x3
 200 0146 DF030000 		.4byte	.LASF27
 201 014a 04       		.byte	0x4
 202 014b 5D       		.byte	0x5d
 203 014c 19       		.byte	0x19
 204 014d 96000000 		.4byte	0x96
 205 0151 03       		.uleb128 0x3
 206 0152 97050000 		.4byte	.LASF28
 207 0156 04       		.byte	0x4
 208 0157 80       		.byte	0x80
 209 0158 12       		.byte	0x12
 210 0159 30000000 		.4byte	0x30
 211 015d 03       		.uleb128 0x3
 212 015e D3060000 		.4byte	.LASF29
 213 0162 04       		.byte	0x4
 214 0163 85       		.byte	0x85
 215 0164 1A       		.byte	0x1a
 216 0165 69010000 		.4byte	0x169
 217 0169 07       		.uleb128 0x7
 218 016a CF030000 		.4byte	.LASF44
 219 016e 48       		.byte	0x48
 220 016f 05       		.byte	0x5
 221 0170 9C       		.byte	0x9c
 222 0171 08       		.byte	0x8
 223 0172 4C020000 		.4byte	0x24c
 224 0176 08       		.uleb128 0x8
 225 0177 68647200 		.ascii	"hdr\000"
 226 017b 05       		.byte	0x5
 227 017c AD       		.byte	0xad
 228 017d 05       		.byte	0x5
ARM GAS  /tmp/ccfEy0nF.s 			page 5


 229 017e 2A060000 		.4byte	0x62a
 230 0182 00       		.byte	0
 231 0183 08       		.uleb128 0x8
 232 0184 63747800 		.ascii	"ctx\000"
 233 0188 05       		.byte	0x5
 234 0189 B1       		.byte	0xb1
 235 018a 21       		.byte	0x21
 236 018b 36050000 		.4byte	0x536
 237 018f 0C       		.byte	0xc
 238 0190 09       		.uleb128 0x9
 239 0191 7F030000 		.4byte	.LASF30
 240 0195 05       		.byte	0x5
 241 0196 B6       		.byte	0xb6
 242 0197 21       		.byte	0x21
 243 0198 8D030000 		.4byte	0x38d
 244 019c 10       		.byte	0x10
 245 019d 09       		.uleb128 0x9
 246 019e 9A060000 		.4byte	.LASF31
 247 01a2 05       		.byte	0x5
 248 01a3 BB       		.byte	0xbb
 249 01a4 22       		.byte	0x22
 250 01a5 37070000 		.4byte	0x737
 251 01a9 18       		.byte	0x18
 252 01aa 09       		.uleb128 0x9
 253 01ab 9D030000 		.4byte	.LASF32
 254 01af 05       		.byte	0x5
 255 01b0 C0       		.byte	0xc0
 256 01b1 22       		.byte	0x22
 257 01b2 25030000 		.4byte	0x325
 258 01b6 1C       		.byte	0x1c
 259 01b7 09       		.uleb128 0x9
 260 01b8 B2060000 		.4byte	.LASF33
 261 01bc 05       		.byte	0x5
 262 01bd C9       		.byte	0xc9
 263 01be 22       		.byte	0x22
 264 01bf 3D070000 		.4byte	0x73d
 265 01c3 20       		.byte	0x20
 266 01c4 09       		.uleb128 0x9
 267 01c5 88020000 		.4byte	.LASF34
 268 01c9 05       		.byte	0x5
 269 01ca CE       		.byte	0xce
 270 01cb 21       		.byte	0x21
 271 01cc FD000000 		.4byte	0xfd
 272 01d0 24       		.byte	0x24
 273 01d1 09       		.uleb128 0x9
 274 01d2 DA070000 		.4byte	.LASF35
 275 01d6 05       		.byte	0x5
 276 01d7 D2       		.byte	0xd2
 277 01d8 21       		.byte	0x21
 278 01d9 F1000000 		.4byte	0xf1
 279 01dd 25       		.byte	0x25
 280 01de 09       		.uleb128 0x9
 281 01df FD010000 		.4byte	.LASF36
 282 01e3 05       		.byte	0x5
 283 01e4 D7       		.byte	0xd7
 284 01e5 21       		.byte	0x21
 285 01e6 09010000 		.4byte	0x109
ARM GAS  /tmp/ccfEy0nF.s 			page 6


 286 01ea 26       		.byte	0x26
 287 01eb 0A       		.uleb128 0xa
 288 01ec 7500     		.ascii	"u\000"
 289 01ee 05       		.byte	0x5
 290 01ef 2801     		.2byte	0x128
 291 01f1 21       		.byte	0x21
 292 01f2 58060000 		.4byte	0x658
 293 01f6 28       		.byte	0x28
 294 01f7 0B       		.uleb128 0xb
 295 01f8 1E030000 		.4byte	.LASF37
 296 01fc 05       		.byte	0x5
 297 01fd 2D01     		.2byte	0x12d
 298 01ff 21       		.byte	0x21
 299 0200 60030000 		.4byte	0x360
 300 0204 2C       		.byte	0x2c
 301 0205 0B       		.uleb128 0xb
 302 0206 76020000 		.4byte	.LASF38
 303 020a 05       		.byte	0x5
 304 020b 3301     		.2byte	0x133
 305 020d 21       		.byte	0x21
 306 020e 8D030000 		.4byte	0x38d
 307 0212 30       		.byte	0x30
 308 0213 0B       		.uleb128 0xb
 309 0214 E6030000 		.4byte	.LASF39
 310 0218 05       		.byte	0x5
 311 0219 3901     		.2byte	0x139
 312 021b 21       		.byte	0x21
 313 021c 2D010000 		.4byte	0x12d
 314 0220 38       		.byte	0x38
 315 0221 0B       		.uleb128 0xb
 316 0222 3A080000 		.4byte	.LASF40
 317 0226 05       		.byte	0x5
 318 0227 4001     		.2byte	0x140
 319 0229 22       		.byte	0x22
 320 022a 31070000 		.4byte	0x731
 321 022e 3C       		.byte	0x3c
 322 022f 0B       		.uleb128 0xb
 323 0230 A5040000 		.4byte	.LASF41
 324 0234 05       		.byte	0x5
 325 0235 4401     		.2byte	0x144
 326 0237 21       		.byte	0x21
 327 0238 15010000 		.4byte	0x115
 328 023c 40       		.byte	0x40
 329 023d 0B       		.uleb128 0xb
 330 023e A8030000 		.4byte	.LASF42
 331 0242 05       		.byte	0x5
 332 0243 4B01     		.2byte	0x14b
 333 0245 22       		.byte	0x22
 334 0246 AE050000 		.4byte	0x5ae
 335 024a 44       		.byte	0x44
 336 024b 00       		.byte	0
 337 024c 03       		.uleb128 0x3
 338 024d 36020000 		.4byte	.LASF43
 339 0251 04       		.byte	0x4
 340 0252 8A       		.byte	0x8a
 341 0253 1F       		.byte	0x1f
 342 0254 58020000 		.4byte	0x258
ARM GAS  /tmp/ccfEy0nF.s 			page 7


 343 0258 0C       		.uleb128 0xc
 344 0259 08070000 		.4byte	.LASF45
 345 025d 88       		.byte	0x88
 346 025e 05       		.byte	0x5
 347 025f 8A01     		.2byte	0x18a
 348 0261 08       		.byte	0x8
 349 0262 D7020000 		.4byte	0x2d7
 350 0266 0B       		.uleb128 0xb
 351 0267 30020000 		.4byte	.LASF46
 352 026b 05       		.byte	0x5
 353 026c 8E01     		.2byte	0x18e
 354 026e 21       		.byte	0x21
 355 026f 6E070000 		.4byte	0x76e
 356 0273 00       		.byte	0
 357 0274 0B       		.uleb128 0xb
 358 0275 44020000 		.4byte	.LASF47
 359 0279 05       		.byte	0x5
 360 027a 9201     		.2byte	0x192
 361 027c 21       		.byte	0x21
 362 027d E5050000 		.4byte	0x5e5
 363 0281 10       		.byte	0x10
 364 0282 0B       		.uleb128 0xb
 365 0283 3E070000 		.4byte	.LASF48
 366 0287 05       		.byte	0x5
 367 0288 9901     		.2byte	0x199
 368 028a 21       		.byte	0x21
 369 028b 0C060000 		.4byte	0x60c
 370 028f 28       		.byte	0x28
 371 0290 0B       		.uleb128 0xb
 372 0291 58000000 		.4byte	.LASF49
 373 0295 05       		.byte	0x5
 374 0296 9E01     		.2byte	0x19e
 375 0298 21       		.byte	0x21
 376 0299 51010000 		.4byte	0x151
 377 029d 30       		.byte	0x30
 378 029e 0B       		.uleb128 0xb
 379 029f 0D000000 		.4byte	.LASF50
 380 02a3 05       		.byte	0x5
 381 02a4 A401     		.2byte	0x1a4
 382 02a6 21       		.byte	0x21
 383 02a7 FE020000 		.4byte	0x2fe
 384 02ab 34       		.byte	0x34
 385 02ac 0B       		.uleb128 0xb
 386 02ad CC060000 		.4byte	.LASF51
 387 02b1 05       		.byte	0x5
 388 02b2 A901     		.2byte	0x1a9
 389 02b4 22       		.byte	0x22
 390 02b5 E2070000 		.4byte	0x7e2
 391 02b9 38       		.byte	0x38
 392 02ba 0B       		.uleb128 0xb
 393 02bb B4010000 		.4byte	.LASF52
 394 02bf 05       		.byte	0x5
 395 02c0 AD01     		.2byte	0x1ad
 396 02c2 21       		.byte	0x21
 397 02c3 5D010000 		.4byte	0x15d
 398 02c7 3C       		.byte	0x3c
 399 02c8 0A       		.uleb128 0xa
ARM GAS  /tmp/ccfEy0nF.s 			page 8


 400 02c9 64626700 		.ascii	"dbg\000"
 401 02cd 05       		.byte	0x5
 402 02ce B101     		.2byte	0x1b1
 403 02d0 21       		.byte	0x21
 404 02d1 3C030000 		.4byte	0x33c
 405 02d5 84       		.byte	0x84
 406 02d6 00       		.byte	0
 407 02d7 03       		.uleb128 0x3
 408 02d8 B6040000 		.4byte	.LASF53
 409 02dc 06       		.byte	0x6
 410 02dd 3F       		.byte	0x3f
 411 02de 12       		.byte	0x12
 412 02df 96000000 		.4byte	0x96
 413 02e3 07       		.uleb128 0x7
 414 02e4 A0020000 		.4byte	.LASF54
 415 02e8 04       		.byte	0x4
 416 02e9 06       		.byte	0x6
 417 02ea 44       		.byte	0x44
 418 02eb 10       		.byte	0x10
 419 02ec FE020000 		.4byte	0x2fe
 420 02f0 09       		.uleb128 0x9
 421 02f1 F5020000 		.4byte	.LASF55
 422 02f5 06       		.byte	0x6
 423 02f6 48       		.byte	0x48
 424 02f7 21       		.byte	0x21
 425 02f8 D7020000 		.4byte	0x2d7
 426 02fc 00       		.byte	0
 427 02fd 00       		.byte	0
 428 02fe 03       		.uleb128 0x3
 429 02ff 07060000 		.4byte	.LASF56
 430 0303 06       		.byte	0x6
 431 0304 49       		.byte	0x49
 432 0305 03       		.byte	0x3
 433 0306 E3020000 		.4byte	0x2e3
 434 030a 07       		.uleb128 0x7
 435 030b 0E030000 		.4byte	.LASF57
 436 030f 04       		.byte	0x4
 437 0310 07       		.byte	0x7
 438 0311 3E       		.byte	0x3e
 439 0312 10       		.byte	0x10
 440 0313 25030000 		.4byte	0x325
 441 0317 09       		.uleb128 0x9
 442 0318 F7060000 		.4byte	.LASF58
 443 031c 07       		.byte	0x7
 444 031d 46       		.byte	0x46
 445 031e 24       		.byte	0x24
 446 031f 2B030000 		.4byte	0x32b
 447 0323 00       		.byte	0
 448 0324 00       		.byte	0
 449 0325 0D       		.uleb128 0xd
 450 0326 04       		.byte	0x4
 451 0327 37030000 		.4byte	0x337
 452 032b 05       		.uleb128 0x5
 453 032c 25030000 		.4byte	0x325
 454 0330 04       		.uleb128 0x4
 455 0331 01       		.byte	0x1
 456 0332 08       		.byte	0x8
ARM GAS  /tmp/ccfEy0nF.s 			page 9


 457 0333 B9060000 		.4byte	.LASF59
 458 0337 06       		.uleb128 0x6
 459 0338 30030000 		.4byte	0x330
 460 033c 03       		.uleb128 0x3
 461 033d 40000000 		.4byte	.LASF60
 462 0341 07       		.byte	0x7
 463 0342 51       		.byte	0x51
 464 0343 03       		.byte	0x3
 465 0344 0A030000 		.4byte	0x30a
 466 0348 03       		.uleb128 0x3
 467 0349 ED060000 		.4byte	.LASF61
 468 034d 08       		.byte	0x8
 469 034e 6F       		.byte	0x6f
 470 034f 12       		.byte	0x12
 471 0350 83000000 		.4byte	0x83
 472 0354 03       		.uleb128 0x3
 473 0355 47030000 		.4byte	.LASF62
 474 0359 08       		.byte	0x8
 475 035a 79       		.byte	0x79
 476 035b 12       		.byte	0x12
 477 035c 96000000 		.4byte	0x96
 478 0360 03       		.uleb128 0x3
 479 0361 C5030000 		.4byte	.LASF63
 480 0365 09       		.byte	0x9
 481 0366 32       		.byte	0x32
 482 0367 18       		.byte	0x18
 483 0368 6C030000 		.4byte	0x36c
 484 036c 07       		.uleb128 0x7
 485 036d 49040000 		.4byte	.LASF64
 486 0371 04       		.byte	0x4
 487 0372 09       		.byte	0x9
 488 0373 38       		.byte	0x38
 489 0374 08       		.byte	0x8
 490 0375 87030000 		.4byte	0x387
 491 0379 09       		.uleb128 0x9
 492 037a F8010000 		.4byte	.LASF65
 493 037e 09       		.byte	0x9
 494 037f 39       		.byte	0x39
 495 0380 1A       		.byte	0x1a
 496 0381 87030000 		.4byte	0x387
 497 0385 00       		.byte	0
 498 0386 00       		.byte	0
 499 0387 0D       		.uleb128 0xd
 500 0388 04       		.byte	0x4
 501 0389 60030000 		.4byte	0x360
 502 038d 03       		.uleb128 0x3
 503 038e FA020000 		.4byte	.LASF66
 504 0392 09       		.byte	0x9
 505 0393 3F       		.byte	0x3f
 506 0394 19       		.byte	0x19
 507 0395 99030000 		.4byte	0x399
 508 0399 07       		.uleb128 0x7
 509 039a A8020000 		.4byte	.LASF67
 510 039e 08       		.byte	0x8
 511 039f 09       		.byte	0x9
 512 03a0 45       		.byte	0x45
 513 03a1 08       		.byte	0x8
ARM GAS  /tmp/ccfEy0nF.s 			page 10


 514 03a2 C1030000 		.4byte	0x3c1
 515 03a6 09       		.uleb128 0x9
 516 03a7 F8010000 		.4byte	.LASF65
 517 03ab 09       		.byte	0x9
 518 03ac 46       		.byte	0x46
 519 03ad 1A       		.byte	0x1a
 520 03ae C1030000 		.4byte	0x3c1
 521 03b2 00       		.byte	0
 522 03b3 09       		.uleb128 0x9
 523 03b4 2F000000 		.4byte	.LASF68
 524 03b8 09       		.byte	0x9
 525 03b9 47       		.byte	0x47
 526 03ba 1A       		.byte	0x1a
 527 03bb C1030000 		.4byte	0x3c1
 528 03bf 04       		.byte	0x4
 529 03c0 00       		.byte	0
 530 03c1 0D       		.uleb128 0xd
 531 03c2 04       		.byte	0x4
 532 03c3 8D030000 		.4byte	0x38d
 533 03c7 03       		.uleb128 0x3
 534 03c8 69000000 		.4byte	.LASF69
 535 03cc 09       		.byte	0x9
 536 03cd 4E       		.byte	0x4e
 537 03ce 22       		.byte	0x22
 538 03cf D3030000 		.4byte	0x3d3
 539 03d3 07       		.uleb128 0x7
 540 03d4 67070000 		.4byte	.LASF70
 541 03d8 0C       		.byte	0xc
 542 03d9 09       		.byte	0x9
 543 03da 55       		.byte	0x55
 544 03db 08       		.byte	0x8
 545 03dc 08040000 		.4byte	0x408
 546 03e0 09       		.uleb128 0x9
 547 03e1 F8010000 		.4byte	.LASF65
 548 03e5 09       		.byte	0x9
 549 03e6 56       		.byte	0x56
 550 03e7 1A       		.byte	0x1a
 551 03e8 08040000 		.4byte	0x408
 552 03ec 00       		.byte	0
 553 03ed 09       		.uleb128 0x9
 554 03ee 2F000000 		.4byte	.LASF68
 555 03f2 09       		.byte	0x9
 556 03f3 57       		.byte	0x57
 557 03f4 1A       		.byte	0x1a
 558 03f5 08040000 		.4byte	0x408
 559 03f9 04       		.byte	0x4
 560 03fa 09       		.uleb128 0x9
 561 03fb 67050000 		.4byte	.LASF71
 562 03ff 09       		.byte	0x9
 563 0400 58       		.byte	0x58
 564 0401 19       		.byte	0x19
 565 0402 15010000 		.4byte	0x115
 566 0406 08       		.byte	0x8
 567 0407 00       		.byte	0
 568 0408 0D       		.uleb128 0xd
 569 0409 04       		.byte	0x4
 570 040a C7030000 		.4byte	0x3c7
ARM GAS  /tmp/ccfEy0nF.s 			page 11


 571 040e 03       		.uleb128 0x3
 572 040f CD020000 		.4byte	.LASF72
 573 0413 09       		.byte	0x9
 574 0414 5F       		.byte	0x5f
 575 0415 1E       		.byte	0x1e
 576 0416 1A040000 		.4byte	0x41a
 577 041a 07       		.uleb128 0x7
 578 041b BB070000 		.4byte	.LASF73
 579 041f 0C       		.byte	0xc
 580 0420 09       		.byte	0x9
 581 0421 64       		.byte	0x64
 582 0422 08       		.byte	0x8
 583 0423 4F040000 		.4byte	0x44f
 584 0427 09       		.uleb128 0x9
 585 0428 F8010000 		.4byte	.LASF65
 586 042c 09       		.byte	0x9
 587 042d 65       		.byte	0x65
 588 042e 1A       		.byte	0x1a
 589 042f 4F040000 		.4byte	0x44f
 590 0433 00       		.byte	0
 591 0434 09       		.uleb128 0x9
 592 0435 2F000000 		.4byte	.LASF68
 593 0439 09       		.byte	0x9
 594 043a 66       		.byte	0x66
 595 043b 1A       		.byte	0x1a
 596 043c 4F040000 		.4byte	0x44f
 597 0440 04       		.byte	0x4
 598 0441 09       		.uleb128 0x9
 599 0442 19000000 		.4byte	.LASF74
 600 0446 09       		.byte	0x9
 601 0447 67       		.byte	0x67
 602 0448 19       		.byte	0x19
 603 0449 54030000 		.4byte	0x354
 604 044d 08       		.byte	0x8
 605 044e 00       		.byte	0
 606 044f 0D       		.uleb128 0xd
 607 0450 04       		.byte	0x4
 608 0451 0E040000 		.4byte	0x40e
 609 0455 0E       		.uleb128 0xe
 610 0456 DD010000 		.4byte	.LASF75
 611 045a 0A       		.byte	0xa
 612 045b 4807     		.2byte	0x748
 613 045d 19       		.byte	0x19
 614 045e 5F000000 		.4byte	0x5f
 615 0462 0F       		.uleb128 0xf
 616 0463 87050000 		.4byte	.LASF76
 617 0467 0B       		.byte	0xb
 618 0468 45       		.byte	0x45
 619 0469 11       		.byte	0x11
 620 046a 96000000 		.4byte	0x96
 621 046e 10       		.uleb128 0x10
 622 046f 77000000 		.4byte	0x77
 623 0473 7E040000 		.4byte	0x47e
 624 0477 11       		.uleb128 0x11
 625 0478 30000000 		.4byte	0x30
 626 047c 0F       		.byte	0xf
 627 047d 00       		.byte	0
ARM GAS  /tmp/ccfEy0nF.s 			page 12


 628 047e 06       		.uleb128 0x6
 629 047f 6E040000 		.4byte	0x46e
 630 0483 0F       		.uleb128 0xf
 631 0484 6B040000 		.4byte	.LASF77
 632 0488 0B       		.byte	0xb
 633 0489 46       		.byte	0x46
 634 048a 17       		.byte	0x17
 635 048b 7E040000 		.4byte	0x47e
 636 048f 10       		.uleb128 0x10
 637 0490 77000000 		.4byte	0x77
 638 0494 9F040000 		.4byte	0x49f
 639 0498 11       		.uleb128 0x11
 640 0499 30000000 		.4byte	0x30
 641 049d 07       		.byte	0x7
 642 049e 00       		.byte	0
 643 049f 06       		.uleb128 0x6
 644 04a0 8F040000 		.4byte	0x48f
 645 04a4 0F       		.uleb128 0xf
 646 04a5 26030000 		.4byte	.LASF78
 647 04a9 0B       		.byte	0xb
 648 04aa 47       		.byte	0x47
 649 04ab 17       		.byte	0x17
 650 04ac 9F040000 		.4byte	0x49f
 651 04b0 0C       		.uleb128 0xc
 652 04b1 34000000 		.4byte	.LASF79
 653 04b5 24       		.byte	0x24
 654 04b6 0C       		.byte	0xc
 655 04b7 D601     		.2byte	0x1d6
 656 04b9 08       		.byte	0x8
 657 04ba 36050000 		.4byte	0x536
 658 04be 0A       		.uleb128 0xa
 659 04bf 723400   		.ascii	"r4\000"
 660 04c2 0C       		.byte	0xc
 661 04c3 EF01     		.2byte	0x1ef
 662 04c5 11       		.byte	0x11
 663 04c6 96000000 		.4byte	0x96
 664 04ca 00       		.byte	0
 665 04cb 0A       		.uleb128 0xa
 666 04cc 723500   		.ascii	"r5\000"
 667 04cf 0C       		.byte	0xc
 668 04d0 F001     		.2byte	0x1f0
 669 04d2 11       		.byte	0x11
 670 04d3 96000000 		.4byte	0x96
 671 04d7 04       		.byte	0x4
 672 04d8 0A       		.uleb128 0xa
 673 04d9 723600   		.ascii	"r6\000"
 674 04dc 0C       		.byte	0xc
 675 04dd F101     		.2byte	0x1f1
 676 04df 11       		.byte	0x11
 677 04e0 96000000 		.4byte	0x96
 678 04e4 08       		.byte	0x8
 679 04e5 0A       		.uleb128 0xa
 680 04e6 723700   		.ascii	"r7\000"
 681 04e9 0C       		.byte	0xc
 682 04ea F201     		.2byte	0x1f2
 683 04ec 11       		.byte	0x11
 684 04ed 96000000 		.4byte	0x96
ARM GAS  /tmp/ccfEy0nF.s 			page 13


 685 04f1 0C       		.byte	0xc
 686 04f2 0A       		.uleb128 0xa
 687 04f3 723800   		.ascii	"r8\000"
 688 04f6 0C       		.byte	0xc
 689 04f7 F301     		.2byte	0x1f3
 690 04f9 11       		.byte	0x11
 691 04fa 96000000 		.4byte	0x96
 692 04fe 10       		.byte	0x10
 693 04ff 0A       		.uleb128 0xa
 694 0500 723900   		.ascii	"r9\000"
 695 0503 0C       		.byte	0xc
 696 0504 F401     		.2byte	0x1f4
 697 0506 11       		.byte	0x11
 698 0507 96000000 		.4byte	0x96
 699 050b 14       		.byte	0x14
 700 050c 0A       		.uleb128 0xa
 701 050d 72313000 		.ascii	"r10\000"
 702 0511 0C       		.byte	0xc
 703 0512 F501     		.2byte	0x1f5
 704 0514 11       		.byte	0x11
 705 0515 96000000 		.4byte	0x96
 706 0519 18       		.byte	0x18
 707 051a 0A       		.uleb128 0xa
 708 051b 72313100 		.ascii	"r11\000"
 709 051f 0C       		.byte	0xc
 710 0520 F601     		.2byte	0x1f6
 711 0522 11       		.byte	0x11
 712 0523 96000000 		.4byte	0x96
 713 0527 1C       		.byte	0x1c
 714 0528 0A       		.uleb128 0xa
 715 0529 6C7200   		.ascii	"lr\000"
 716 052c 0C       		.byte	0xc
 717 052d F701     		.2byte	0x1f7
 718 052f 11       		.byte	0x11
 719 0530 96000000 		.4byte	0x96
 720 0534 20       		.byte	0x20
 721 0535 00       		.byte	0
 722 0536 0C       		.uleb128 0xc
 723 0537 39050000 		.4byte	.LASF80
 724 053b 04       		.byte	0x4
 725 053c 0C       		.byte	0xc
 726 053d 0002     		.2byte	0x200
 727 053f 08       		.byte	0x8
 728 0540 52050000 		.4byte	0x552
 729 0544 0A       		.uleb128 0xa
 730 0545 737000   		.ascii	"sp\000"
 731 0548 0C       		.byte	0xc
 732 0549 0102     		.2byte	0x201
 733 054b 1A       		.byte	0x1a
 734 054c 52050000 		.4byte	0x552
 735 0550 00       		.byte	0
 736 0551 00       		.byte	0
 737 0552 0D       		.uleb128 0xd
 738 0553 04       		.byte	0x4
 739 0554 B0040000 		.4byte	0x4b0
 740 0558 12       		.uleb128 0x12
 741 0559 04       		.byte	0x4
ARM GAS  /tmp/ccfEy0nF.s 			page 14


 742 055a 0D       		.byte	0xd
 743 055b 3F       		.byte	0x3f
 744 055c 09       		.byte	0x9
 745 055d 6F050000 		.4byte	0x56f
 746 0561 09       		.uleb128 0x9
 747 0562 17070000 		.4byte	.LASF81
 748 0566 0D       		.byte	0xd
 749 0567 43       		.byte	0x43
 750 0568 19       		.byte	0x19
 751 0569 D9000000 		.4byte	0xd9
 752 056d 00       		.byte	0
 753 056e 00       		.byte	0
 754 056f 03       		.uleb128 0x3
 755 0570 46050000 		.4byte	.LASF82
 756 0574 0D       		.byte	0xd
 757 0575 44       		.byte	0x44
 758 0576 03       		.byte	0x3
 759 0577 58050000 		.4byte	0x558
 760 057b 13       		.uleb128 0x13
 761 057c 07       		.byte	0x7
 762 057d 01       		.byte	0x1
 763 057e 7C000000 		.4byte	0x7c
 764 0582 05       		.byte	0x5
 765 0583 32       		.byte	0x32
 766 0584 0E       		.byte	0xe
 767 0585 A2050000 		.4byte	0x5a2
 768 0589 14       		.uleb128 0x14
 769 058a BE060000 		.4byte	.LASF83
 770 058e 00       		.byte	0
 771 058f 14       		.uleb128 0x14
 772 0590 1C020000 		.4byte	.LASF84
 773 0594 01       		.byte	0x1
 774 0595 14       		.uleb128 0x14
 775 0596 B6000000 		.4byte	.LASF85
 776 059a 02       		.byte	0x2
 777 059b 14       		.uleb128 0x14
 778 059c 59070000 		.4byte	.LASF86
 779 05a0 03       		.byte	0x3
 780 05a1 00       		.byte	0
 781 05a2 03       		.uleb128 0x3
 782 05a3 12080000 		.4byte	.LASF87
 783 05a7 05       		.byte	0x5
 784 05a8 37       		.byte	0x37
 785 05a9 03       		.byte	0x3
 786 05aa 7B050000 		.4byte	0x57b
 787 05ae 15       		.uleb128 0x15
 788 05af 04       		.byte	0x4
 789 05b0 07       		.uleb128 0x7
 790 05b1 DD040000 		.4byte	.LASF88
 791 05b5 18       		.byte	0x18
 792 05b6 05       		.byte	0x5
 793 05b7 64       		.byte	0x64
 794 05b8 10       		.byte	0x10
 795 05b9 E5050000 		.4byte	0x5e5
 796 05bd 09       		.uleb128 0x9
 797 05be E7060000 		.4byte	.LASF89
 798 05c2 05       		.byte	0x5
ARM GAS  /tmp/ccfEy0nF.s 			page 15


 799 05c3 68       		.byte	0x68
 800 05c4 21       		.byte	0x21
 801 05c5 0E040000 		.4byte	0x40e
 802 05c9 00       		.byte	0
 803 05ca 09       		.uleb128 0x9
 804 05cb 18060000 		.4byte	.LASF90
 805 05cf 05       		.byte	0x5
 806 05d0 73       		.byte	0x73
 807 05d1 21       		.byte	0x21
 808 05d2 48030000 		.4byte	0x348
 809 05d6 0C       		.byte	0xc
 810 05d7 09       		.uleb128 0x9
 811 05d8 94040000 		.4byte	.LASF91
 812 05dc 05       		.byte	0x5
 813 05dd 79       		.byte	0x79
 814 05de 21       		.byte	0x21
 815 05df B5000000 		.4byte	0xb5
 816 05e3 10       		.byte	0x10
 817 05e4 00       		.byte	0
 818 05e5 03       		.uleb128 0x3
 819 05e6 C7010000 		.4byte	.LASF92
 820 05ea 05       		.byte	0x5
 821 05eb 7B       		.byte	0x7b
 822 05ec 03       		.byte	0x3
 823 05ed B0050000 		.4byte	0x5b0
 824 05f1 07       		.uleb128 0x7
 825 05f2 E9020000 		.4byte	.LASF93
 826 05f6 08       		.byte	0x8
 827 05f7 05       		.byte	0x5
 828 05f8 80       		.byte	0x80
 829 05f9 10       		.byte	0x10
 830 05fa 0C060000 		.4byte	0x60c
 831 05fe 09       		.uleb128 0x9
 832 05ff A2030000 		.4byte	.LASF94
 833 0603 05       		.byte	0x5
 834 0604 84       		.byte	0x84
 835 0605 21       		.byte	0x21
 836 0606 8D030000 		.4byte	0x38d
 837 060a 00       		.byte	0
 838 060b 00       		.byte	0
 839 060c 03       		.uleb128 0x3
 840 060d 65060000 		.4byte	.LASF95
 841 0611 05       		.byte	0x5
 842 0612 85       		.byte	0x85
 843 0613 03       		.byte	0x3
 844 0614 F1050000 		.4byte	0x5f1
 845 0618 03       		.uleb128 0x3
 846 0619 CA040000 		.4byte	.LASF96
 847 061d 05       		.byte	0x5
 848 061e 8A       		.byte	0x8a
 849 061f 14       		.byte	0x14
 850 0620 24060000 		.4byte	0x624
 851 0624 0D       		.uleb128 0xd
 852 0625 04       		.byte	0x4
 853 0626 5D010000 		.4byte	0x15d
 854 062a 16       		.uleb128 0x16
 855 062b 0C       		.byte	0xc
ARM GAS  /tmp/ccfEy0nF.s 			page 16


 856 062c 05       		.byte	0x5
 857 062d A0       		.byte	0xa0
 858 062e 03       		.byte	0x3
 859 062f 58060000 		.4byte	0x658
 860 0633 17       		.uleb128 0x17
 861 0634 0D080000 		.4byte	.LASF97
 862 0638 05       		.byte	0x5
 863 0639 A4       		.byte	0xa4
 864 063a 21       		.byte	0x21
 865 063b 60030000 		.4byte	0x360
 866 063f 17       		.uleb128 0x17
 867 0640 A2030000 		.4byte	.LASF94
 868 0644 05       		.byte	0x5
 869 0645 A8       		.byte	0xa8
 870 0646 21       		.byte	0x21
 871 0647 8D030000 		.4byte	0x38d
 872 064b 17       		.uleb128 0x17
 873 064c 01070000 		.4byte	.LASF98
 874 0650 05       		.byte	0x5
 875 0651 AC       		.byte	0xac
 876 0652 21       		.byte	0x21
 877 0653 C7030000 		.4byte	0x3c7
 878 0657 00       		.byte	0
 879 0658 16       		.uleb128 0x16
 880 0659 04       		.byte	0x4
 881 065a 05       		.byte	0x5
 882 065b EB       		.byte	0xeb
 883 065c 03       		.byte	0x3
 884 065d C8060000 		.4byte	0x6c8
 885 0661 17       		.uleb128 0x17
 886 0662 1F000000 		.4byte	.LASF99
 887 0666 05       		.byte	0x5
 888 0667 F2       		.byte	0xf2
 889 0668 21       		.byte	0x21
 890 0669 21010000 		.4byte	0x121
 891 066d 17       		.uleb128 0x17
 892 066e AB010000 		.4byte	.LASF100
 893 0672 05       		.byte	0x5
 894 0673 F9       		.byte	0xf9
 895 0674 21       		.byte	0x21
 896 0675 21010000 		.4byte	0x121
 897 0679 18       		.uleb128 0x18
 898 067a EA070000 		.4byte	.LASF101
 899 067e 05       		.byte	0x5
 900 067f 0001     		.2byte	0x100
 901 0681 22       		.byte	0x22
 902 0682 AE050000 		.4byte	0x5ae
 903 0686 18       		.uleb128 0x18
 904 0687 79030000 		.4byte	.LASF102
 905 068b 05       		.byte	0x5
 906 068c 0701     		.2byte	0x107
 907 068e 22       		.byte	0x22
 908 068f C8060000 		.4byte	0x6c8
 909 0693 18       		.uleb128 0x18
 910 0694 BF010000 		.4byte	.LASF103
 911 0698 05       		.byte	0x5
 912 0699 0C01     		.2byte	0x10c
ARM GAS  /tmp/ccfEy0nF.s 			page 17


 913 069b 21       		.byte	0x21
 914 069c 21010000 		.4byte	0x121
 915 06a0 18       		.uleb128 0x18
 916 06a1 72030000 		.4byte	.LASF104
 917 06a5 05       		.byte	0x5
 918 06a6 1501     		.2byte	0x115
 919 06a8 22       		.byte	0x22
 920 06a9 F6060000 		.4byte	0x6f6
 921 06ad 18       		.uleb128 0x18
 922 06ae 83060000 		.4byte	.LASF105
 923 06b2 05       		.byte	0x5
 924 06b3 1E01     		.2byte	0x11e
 925 06b5 22       		.byte	0x22
 926 06b6 31070000 		.4byte	0x731
 927 06ba 18       		.uleb128 0x18
 928 06bb 2A060000 		.4byte	.LASF106
 929 06bf 05       		.byte	0x5
 930 06c0 2601     		.2byte	0x126
 931 06c2 21       		.byte	0x21
 932 06c3 2D010000 		.4byte	0x12d
 933 06c7 00       		.byte	0
 934 06c8 0D       		.uleb128 0xd
 935 06c9 04       		.byte	0x4
 936 06ca 18060000 		.4byte	0x618
 937 06ce 07       		.uleb128 0x7
 938 06cf 4F060000 		.4byte	.LASF107
 939 06d3 0C       		.byte	0xc
 940 06d4 0E       		.byte	0xe
 941 06d5 34       		.byte	0x34
 942 06d6 10       		.byte	0x10
 943 06d7 F6060000 		.4byte	0x6f6
 944 06db 09       		.uleb128 0x9
 945 06dc A2030000 		.4byte	.LASF94
 946 06e0 0E       		.byte	0xe
 947 06e1 35       		.byte	0x35
 948 06e2 19       		.byte	0x19
 949 06e3 8D030000 		.4byte	0x38d
 950 06e7 00       		.byte	0
 951 06e8 08       		.uleb128 0x8
 952 06e9 636E7400 		.ascii	"cnt\000"
 953 06ed 0E       		.byte	0xe
 954 06ee 37       		.byte	0x37
 955 06ef 19       		.byte	0x19
 956 06f0 39010000 		.4byte	0x139
 957 06f4 08       		.byte	0x8
 958 06f5 00       		.byte	0
 959 06f6 0D       		.uleb128 0xd
 960 06f7 04       		.byte	0x4
 961 06f8 CE060000 		.4byte	0x6ce
 962 06fc 07       		.uleb128 0x7
 963 06fd 2B070000 		.4byte	.LASF108
 964 0701 10       		.byte	0x10
 965 0702 0F       		.byte	0xf
 966 0703 39       		.byte	0x39
 967 0704 08       		.byte	0x8
 968 0705 31070000 		.4byte	0x731
 969 0709 09       		.uleb128 0x9
ARM GAS  /tmp/ccfEy0nF.s 			page 18


 970 070a A2030000 		.4byte	.LASF94
 971 070e 0F       		.byte	0xf
 972 070f 3A       		.byte	0x3a
 973 0710 19       		.byte	0x19
 974 0711 8D030000 		.4byte	0x38d
 975 0715 00       		.byte	0
 976 0716 09       		.uleb128 0x9
 977 0717 9A060000 		.4byte	.LASF31
 978 071b 0F       		.byte	0xf
 979 071c 3C       		.byte	0x3c
 980 071d 1A       		.byte	0x1a
 981 071e 24060000 		.4byte	0x624
 982 0722 08       		.byte	0x8
 983 0723 09       		.uleb128 0x9
 984 0724 F8010000 		.4byte	.LASF65
 985 0728 0F       		.byte	0xf
 986 0729 3E       		.byte	0x3e
 987 072a 1A       		.byte	0x1a
 988 072b 92090000 		.4byte	0x992
 989 072f 0C       		.byte	0xc
 990 0730 00       		.byte	0
 991 0731 0D       		.uleb128 0xd
 992 0732 04       		.byte	0x4
 993 0733 FC060000 		.4byte	0x6fc
 994 0737 0D       		.uleb128 0xd
 995 0738 04       		.byte	0x4
 996 0739 4C020000 		.4byte	0x24c
 997 073d 0D       		.uleb128 0xd
 998 073e 04       		.byte	0x4
 999 073f E5000000 		.4byte	0xe5
 1000 0743 0C       		.uleb128 0xc
 1001 0744 51040000 		.4byte	.LASF109
 1002 0748 10       		.byte	0x10
 1003 0749 05       		.byte	0x5
 1004 074a 5C01     		.2byte	0x15c
 1005 074c 10       		.byte	0x10
 1006 074d 6E070000 		.4byte	0x76e
 1007 0751 0B       		.uleb128 0xb
 1008 0752 01070000 		.4byte	.LASF98
 1009 0756 05       		.byte	0x5
 1010 0757 6101     		.2byte	0x161
 1011 0759 21       		.byte	0x21
 1012 075a C7030000 		.4byte	0x3c7
 1013 075e 00       		.byte	0
 1014 075f 0B       		.uleb128 0xb
 1015 0760 75050000 		.4byte	.LASF110
 1016 0764 05       		.byte	0x5
 1017 0765 6501     		.2byte	0x165
 1018 0767 22       		.byte	0x22
 1019 0768 24060000 		.4byte	0x624
 1020 076c 0C       		.byte	0xc
 1021 076d 00       		.byte	0
 1022 076e 19       		.uleb128 0x19
 1023 076f 00000000 		.4byte	.LASF111
 1024 0773 05       		.byte	0x5
 1025 0774 6601     		.2byte	0x166
 1026 0776 03       		.byte	0x3
ARM GAS  /tmp/ccfEy0nF.s 			page 19


 1027 0777 43070000 		.4byte	0x743
 1028 077b 0C       		.uleb128 0xc
 1029 077c 23050000 		.4byte	.LASF112
 1030 0780 14       		.byte	0x14
 1031 0781 05       		.byte	0x5
 1032 0782 6B01     		.2byte	0x16b
 1033 0784 10       		.byte	0x10
 1034 0785 D0070000 		.4byte	0x7d0
 1035 0789 0B       		.uleb128 0xb
 1036 078a 9D030000 		.4byte	.LASF32
 1037 078e 05       		.byte	0x5
 1038 078f 6F01     		.2byte	0x16f
 1039 0791 22       		.byte	0x22
 1040 0792 25030000 		.4byte	0x325
 1041 0796 00       		.byte	0
 1042 0797 0B       		.uleb128 0xb
 1043 0798 57050000 		.4byte	.LASF113
 1044 079c 05       		.byte	0x5
 1045 079d 7501     		.2byte	0x175
 1046 079f 22       		.byte	0x22
 1047 07a0 3D070000 		.4byte	0x73d
 1048 07a4 04       		.byte	0x4
 1049 07a5 0B       		.uleb128 0xb
 1050 07a6 79070000 		.4byte	.LASF114
 1051 07aa 05       		.byte	0x5
 1052 07ab 7901     		.2byte	0x179
 1053 07ad 22       		.byte	0x22
 1054 07ae 3D070000 		.4byte	0x73d
 1055 07b2 08       		.byte	0x8
 1056 07b3 0B       		.uleb128 0xb
 1057 07b4 84040000 		.4byte	.LASF115
 1058 07b8 05       		.byte	0x5
 1059 07b9 7F01     		.2byte	0x17f
 1060 07bb 22       		.byte	0x22
 1061 07bc 3D070000 		.4byte	0x73d
 1062 07c0 0C       		.byte	0xc
 1063 07c1 0B       		.uleb128 0xb
 1064 07c2 2B080000 		.4byte	.LASF116
 1065 07c6 05       		.byte	0x5
 1066 07c7 8301     		.2byte	0x183
 1067 07c9 22       		.byte	0x22
 1068 07ca 3D070000 		.4byte	0x73d
 1069 07ce 10       		.byte	0x10
 1070 07cf 00       		.byte	0
 1071 07d0 19       		.uleb128 0x19
 1072 07d1 7D000000 		.4byte	.LASF117
 1073 07d5 05       		.byte	0x5
 1074 07d6 8501     		.2byte	0x185
 1075 07d8 03       		.byte	0x3
 1076 07d9 7B070000 		.4byte	0x77b
 1077 07dd 06       		.uleb128 0x6
 1078 07de D0070000 		.4byte	0x7d0
 1079 07e2 0D       		.uleb128 0xd
 1080 07e3 04       		.byte	0x4
 1081 07e4 DD070000 		.4byte	0x7dd
 1082 07e8 0C       		.uleb128 0xc
 1083 07e9 31060000 		.4byte	.LASF118
ARM GAS  /tmp/ccfEy0nF.s 			page 20


 1084 07ed 0C       		.byte	0xc
 1085 07ee 05       		.byte	0x5
 1086 07ef C901     		.2byte	0x1c9
 1087 07f1 10       		.byte	0x10
 1088 07f2 21080000 		.4byte	0x821
 1089 07f6 0B       		.uleb128 0xb
 1090 07f7 88020000 		.4byte	.LASF34
 1091 07fb 05       		.byte	0x5
 1092 07fc CD01     		.2byte	0x1cd
 1093 07fe 21       		.byte	0x21
 1094 07ff A2050000 		.4byte	0x5a2
 1095 0803 00       		.byte	0
 1096 0804 0B       		.uleb128 0xb
 1097 0805 68030000 		.4byte	.LASF119
 1098 0809 05       		.byte	0x5
 1099 080a D101     		.2byte	0x1d1
 1100 080c 22       		.byte	0x22
 1101 080d 21080000 		.4byte	0x821
 1102 0811 04       		.byte	0x4
 1103 0812 0A       		.uleb128 0xa
 1104 0813 746D6300 		.ascii	"tmc\000"
 1105 0817 05       		.byte	0x5
 1106 0818 D601     		.2byte	0x1d6
 1107 081a 21       		.byte	0x21
 1108 081b 6F050000 		.4byte	0x56f
 1109 081f 08       		.byte	0x8
 1110 0820 00       		.byte	0
 1111 0821 10       		.uleb128 0x10
 1112 0822 37070000 		.4byte	0x737
 1113 0826 31080000 		.4byte	0x831
 1114 082a 11       		.uleb128 0x11
 1115 082b 30000000 		.4byte	0x30
 1116 082f 00       		.byte	0
 1117 0830 00       		.byte	0
 1118 0831 19       		.uleb128 0x19
 1119 0832 FA030000 		.4byte	.LASF120
 1120 0836 05       		.byte	0x5
 1121 0837 ED01     		.2byte	0x1ed
 1122 0839 03       		.byte	0x3
 1123 083a E8070000 		.4byte	0x7e8
 1124 083e 0E       		.uleb128 0xe
 1125 083f 31060000 		.4byte	.LASF118
 1126 0843 10       		.byte	0x10
 1127 0844 3E01     		.2byte	0x13e
 1128 0846 14       		.byte	0x14
 1129 0847 31080000 		.4byte	0x831
 1130 084b 0E       		.uleb128 0xe
 1131 084c 1E070000 		.4byte	.LASF121
 1132 0850 10       		.byte	0x10
 1133 0851 4001     		.2byte	0x140
 1134 0853 23       		.byte	0x23
 1135 0854 DD070000 		.4byte	0x7dd
 1136 0858 1A       		.uleb128 0x1a
 1137 0859 63683000 		.ascii	"ch0\000"
 1138 085d 10       		.byte	0x10
 1139 085e 4101     		.2byte	0x141
 1140 0860 16       		.byte	0x16
ARM GAS  /tmp/ccfEy0nF.s 			page 21


 1141 0861 4C020000 		.4byte	0x24c
 1142 0865 12       		.uleb128 0x12
 1143 0866 16       		.byte	0x16
 1144 0867 11       		.byte	0x11
 1145 0868 34       		.byte	0x34
 1146 0869 09       		.byte	0x9
 1147 086a 59090000 		.4byte	0x959
 1148 086e 09       		.uleb128 0x9
 1149 086f B1020000 		.4byte	.LASF122
 1150 0873 11       		.byte	0x11
 1151 0874 35       		.byte	0x35
 1152 0875 0D       		.byte	0xd
 1153 0876 59090000 		.4byte	0x959
 1154 087a 00       		.byte	0
 1155 087b 09       		.uleb128 0x9
 1156 087c 34030000 		.4byte	.LASF123
 1157 0880 11       		.byte	0x11
 1158 0881 36       		.byte	0x36
 1159 0882 0D       		.byte	0xd
 1160 0883 6B000000 		.4byte	0x6b
 1161 0887 04       		.byte	0x4
 1162 0888 09       		.uleb128 0x9
 1163 0889 AE030000 		.4byte	.LASF124
 1164 088d 11       		.byte	0x11
 1165 088e 37       		.byte	0x37
 1166 088f 0D       		.byte	0xd
 1167 0890 6B000000 		.4byte	0x6b
 1168 0894 05       		.byte	0x5
 1169 0895 09       		.uleb128 0x9
 1170 0896 AE040000 		.4byte	.LASF125
 1171 089a 11       		.byte	0x11
 1172 089b 38       		.byte	0x38
 1173 089c 0D       		.byte	0xd
 1174 089d 83000000 		.4byte	0x83
 1175 08a1 06       		.byte	0x6
 1176 08a2 09       		.uleb128 0x9
 1177 08a3 94070000 		.4byte	.LASF126
 1178 08a7 11       		.byte	0x11
 1179 08a8 39       		.byte	0x39
 1180 08a9 0D       		.byte	0xd
 1181 08aa 6B000000 		.4byte	0x6b
 1182 08ae 08       		.byte	0x8
 1183 08af 09       		.uleb128 0x9
 1184 08b0 7F020000 		.4byte	.LASF127
 1185 08b4 11       		.byte	0x11
 1186 08b5 3A       		.byte	0x3a
 1187 08b6 0D       		.byte	0xd
 1188 08b7 6B000000 		.4byte	0x6b
 1189 08bb 09       		.byte	0x9
 1190 08bc 09       		.uleb128 0x9
 1191 08bd CA050000 		.4byte	.LASF128
 1192 08c1 11       		.byte	0x11
 1193 08c2 3B       		.byte	0x3b
 1194 08c3 0D       		.byte	0xd
 1195 08c4 6B000000 		.4byte	0x6b
 1196 08c8 0A       		.byte	0xa
 1197 08c9 09       		.uleb128 0x9
ARM GAS  /tmp/ccfEy0nF.s 			page 22


 1198 08ca F1050000 		.4byte	.LASF129
 1199 08ce 11       		.byte	0x11
 1200 08cf 3C       		.byte	0x3c
 1201 08d0 0D       		.byte	0xd
 1202 08d1 6B000000 		.4byte	0x6b
 1203 08d5 0B       		.byte	0xb
 1204 08d6 09       		.uleb128 0x9
 1205 08d7 06040000 		.4byte	.LASF130
 1206 08db 11       		.byte	0x11
 1207 08dc 3D       		.byte	0x3d
 1208 08dd 0D       		.byte	0xd
 1209 08de 6B000000 		.4byte	0x6b
 1210 08e2 0C       		.byte	0xc
 1211 08e3 09       		.uleb128 0x9
 1212 08e4 0C050000 		.4byte	.LASF131
 1213 08e8 11       		.byte	0x11
 1214 08e9 3E       		.byte	0x3e
 1215 08ea 0D       		.byte	0xd
 1216 08eb 6B000000 		.4byte	0x6b
 1217 08ef 0D       		.byte	0xd
 1218 08f0 09       		.uleb128 0x9
 1219 08f1 34070000 		.4byte	.LASF132
 1220 08f5 11       		.byte	0x11
 1221 08f6 3F       		.byte	0x3f
 1222 08f7 0D       		.byte	0xd
 1223 08f8 6B000000 		.4byte	0x6b
 1224 08fc 0E       		.byte	0xe
 1225 08fd 09       		.uleb128 0x9
 1226 08fe C9070000 		.4byte	.LASF133
 1227 0902 11       		.byte	0x11
 1228 0903 40       		.byte	0x40
 1229 0904 0D       		.byte	0xd
 1230 0905 6B000000 		.4byte	0x6b
 1231 0909 0F       		.byte	0xf
 1232 090a 09       		.uleb128 0x9
 1233 090b FA050000 		.4byte	.LASF134
 1234 090f 11       		.byte	0x11
 1235 0910 41       		.byte	0x41
 1236 0911 0D       		.byte	0xd
 1237 0912 6B000000 		.4byte	0x6b
 1238 0916 10       		.byte	0x10
 1239 0917 09       		.uleb128 0x9
 1240 0918 F1070000 		.4byte	.LASF135
 1241 091c 11       		.byte	0x11
 1242 091d 42       		.byte	0x42
 1243 091e 0D       		.byte	0xd
 1244 091f 6B000000 		.4byte	0x6b
 1245 0923 11       		.byte	0x11
 1246 0924 09       		.uleb128 0x9
 1247 0925 21080000 		.4byte	.LASF136
 1248 0929 11       		.byte	0x11
 1249 092a 43       		.byte	0x43
 1250 092b 0D       		.byte	0xd
 1251 092c 6B000000 		.4byte	0x6b
 1252 0930 12       		.byte	0x12
 1253 0931 09       		.uleb128 0x9
 1254 0932 B3030000 		.4byte	.LASF137
ARM GAS  /tmp/ccfEy0nF.s 			page 23


 1255 0936 11       		.byte	0x11
 1256 0937 44       		.byte	0x44
 1257 0938 0D       		.byte	0xd
 1258 0939 6B000000 		.4byte	0x6b
 1259 093d 13       		.byte	0x13
 1260 093e 09       		.uleb128 0x9
 1261 093f DD020000 		.4byte	.LASF138
 1262 0943 11       		.byte	0x11
 1263 0944 45       		.byte	0x45
 1264 0945 0D       		.byte	0xd
 1265 0946 6B000000 		.4byte	0x6b
 1266 094a 14       		.byte	0x14
 1267 094b 09       		.uleb128 0x9
 1268 094c 5C060000 		.4byte	.LASF139
 1269 0950 11       		.byte	0x11
 1270 0951 46       		.byte	0x46
 1271 0952 0D       		.byte	0xd
 1272 0953 6B000000 		.4byte	0x6b
 1273 0957 15       		.byte	0x15
 1274 0958 00       		.byte	0
 1275 0959 10       		.uleb128 0x10
 1276 095a 30030000 		.4byte	0x330
 1277 095e 69090000 		.4byte	0x969
 1278 0962 11       		.uleb128 0x11
 1279 0963 30000000 		.4byte	0x30
 1280 0967 03       		.byte	0x3
 1281 0968 00       		.byte	0
 1282 0969 03       		.uleb128 0x3
 1283 096a A9050000 		.4byte	.LASF140
 1284 096e 11       		.byte	0x11
 1285 096f 47       		.byte	0x47
 1286 0970 03       		.byte	0x3
 1287 0971 65080000 		.4byte	0x865
 1288 0975 06       		.uleb128 0x6
 1289 0976 69090000 		.4byte	0x969
 1290 097a 0F       		.uleb128 0xf
 1291 097b 86030000 		.4byte	.LASF141
 1292 097f 11       		.byte	0x11
 1293 0980 6E       		.byte	0x6e
 1294 0981 1D       		.byte	0x1d
 1295 0982 75090000 		.4byte	0x975
 1296 0986 03       		.uleb128 0x3
 1297 0987 39030000 		.4byte	.LASF142
 1298 098b 0F       		.byte	0xf
 1299 098c 34       		.byte	0x34
 1300 098d 19       		.byte	0x19
 1301 098e FC060000 		.4byte	0x6fc
 1302 0992 0D       		.uleb128 0xd
 1303 0993 04       		.byte	0x4
 1304 0994 86090000 		.4byte	0x986
 1305 0998 04       		.uleb128 0x4
 1306 0999 01       		.byte	0x1
 1307 099a 02       		.byte	0x2
 1308 099b D5050000 		.4byte	.LASF143
 1309 099f 03       		.uleb128 0x3
 1310 09a0 92000000 		.4byte	.LASF144
 1311 09a4 12       		.byte	0x12
ARM GAS  /tmp/ccfEy0nF.s 			page 24


 1312 09a5 47       		.byte	0x47
 1313 09a6 11       		.byte	0x11
 1314 09a7 AB090000 		.4byte	0x9ab
 1315 09ab 0D       		.uleb128 0xd
 1316 09ac 04       		.byte	0x4
 1317 09ad B1090000 		.4byte	0x9b1
 1318 09b1 1B       		.uleb128 0x1b
 1319 09b2 AE050000 		.4byte	0x5ae
 1320 09b6 C5090000 		.4byte	0x9c5
 1321 09ba 1C       		.uleb128 0x1c
 1322 09bb 24000000 		.4byte	0x24
 1323 09bf 1C       		.uleb128 0x1c
 1324 09c0 30000000 		.4byte	0x30
 1325 09c4 00       		.byte	0
 1326 09c5 12       		.uleb128 0x12
 1327 09c6 08       		.byte	0x8
 1328 09c7 12       		.byte	0x12
 1329 09c8 51       		.byte	0x51
 1330 09c9 09       		.byte	0x9
 1331 09ca E9090000 		.4byte	0x9e9
 1332 09ce 09       		.uleb128 0x9
 1333 09cf BC020000 		.4byte	.LASF145
 1334 09d3 12       		.byte	0x12
 1335 09d4 55       		.byte	0x55
 1336 09d5 0C       		.byte	0xc
 1337 09d6 E9090000 		.4byte	0x9e9
 1338 09da 00       		.byte	0
 1339 09db 09       		.uleb128 0x9
 1340 09dc 9E040000 		.4byte	.LASF146
 1341 09e0 12       		.byte	0x12
 1342 09e1 59       		.byte	0x59
 1343 09e2 0C       		.byte	0xc
 1344 09e3 E9090000 		.4byte	0x9e9
 1345 09e7 04       		.byte	0x4
 1346 09e8 00       		.byte	0
 1347 09e9 0D       		.uleb128 0xd
 1348 09ea 04       		.byte	0x4
 1349 09eb 6B000000 		.4byte	0x6b
 1350 09ef 03       		.uleb128 0x3
 1351 09f0 7D050000 		.4byte	.LASF147
 1352 09f4 12       		.byte	0x12
 1353 09f5 5A       		.byte	0x5a
 1354 09f6 03       		.byte	0x3
 1355 09f7 C5090000 		.4byte	0x9c5
 1356 09fb 0F       		.uleb128 0xf
 1357 09fc DC060000 		.4byte	.LASF148
 1358 0a00 12       		.byte	0x12
 1359 0a01 75       		.byte	0x75
 1360 0a02 12       		.byte	0x12
 1361 0a03 EF090000 		.4byte	0x9ef
 1362 0a07 07       		.uleb128 0x7
 1363 0a08 AF070000 		.4byte	.LASF149
 1364 0a0c 04       		.byte	0x4
 1365 0a0d 13       		.byte	0x13
 1366 0a0e 38       		.byte	0x38
 1367 0a0f 08       		.byte	0x8
 1368 0a10 220A0000 		.4byte	0xa22
ARM GAS  /tmp/ccfEy0nF.s 			page 25


 1369 0a14 09       		.uleb128 0x9
 1370 0a15 F8010000 		.4byte	.LASF65
 1371 0a19 13       		.byte	0x13
 1372 0a1a 39       		.byte	0x39
 1373 0a1b 1A       		.byte	0x1a
 1374 0a1c 220A0000 		.4byte	0xa22
 1375 0a20 00       		.byte	0
 1376 0a21 00       		.byte	0
 1377 0a22 0D       		.uleb128 0xd
 1378 0a23 04       		.byte	0x4
 1379 0a24 070A0000 		.4byte	0xa07
 1380 0a28 12       		.uleb128 0x12
 1381 0a29 10       		.byte	0x10
 1382 0a2a 13       		.byte	0x13
 1383 0a2b 40       		.byte	0x40
 1384 0a2c 09       		.byte	0x9
 1385 0a2d 660A0000 		.4byte	0xa66
 1386 0a31 09       		.uleb128 0x9
 1387 0a32 F8010000 		.4byte	.LASF65
 1388 0a36 13       		.byte	0x13
 1389 0a37 41       		.byte	0x41
 1390 0a38 1A       		.byte	0x1a
 1391 0a39 220A0000 		.4byte	0xa22
 1392 0a3d 00       		.byte	0
 1393 0a3e 09       		.uleb128 0x9
 1394 0a3f 88070000 		.4byte	.LASF150
 1395 0a43 13       		.byte	0x13
 1396 0a44 42       		.byte	0x42
 1397 0a45 19       		.byte	0x19
 1398 0a46 24000000 		.4byte	0x24
 1399 0a4a 04       		.byte	0x4
 1400 0a4b 09       		.uleb128 0x9
 1401 0a4c 41030000 		.4byte	.LASF151
 1402 0a50 13       		.byte	0x13
 1403 0a51 44       		.byte	0x44
 1404 0a52 19       		.byte	0x19
 1405 0a53 30000000 		.4byte	0x30
 1406 0a57 08       		.byte	0x8
 1407 0a58 09       		.uleb128 0x9
 1408 0a59 4F000000 		.4byte	.LASF152
 1409 0a5d 13       		.byte	0x13
 1410 0a5e 45       		.byte	0x45
 1411 0a5f 19       		.byte	0x19
 1412 0a60 9F090000 		.4byte	0x99f
 1413 0a64 0C       		.byte	0xc
 1414 0a65 00       		.byte	0
 1415 0a66 03       		.uleb128 0x3
 1416 0a67 8F030000 		.4byte	.LASF153
 1417 0a6b 13       		.byte	0x13
 1418 0a6c 47       		.byte	0x47
 1419 0a6d 03       		.byte	0x3
 1420 0a6e 280A0000 		.4byte	0xa28
 1421 0a72 07       		.uleb128 0x7
 1422 0a73 B3050000 		.4byte	.LASF154
 1423 0a77 10       		.byte	0x10
 1424 0a78 14       		.byte	0x14
 1425 0a79 A9       		.byte	0xa9
ARM GAS  /tmp/ccfEy0nF.s 			page 26


 1426 0a7a 10       		.byte	0x10
 1427 0a7b A70A0000 		.4byte	0xaa7
 1428 0a7f 09       		.uleb128 0x9
 1429 0a80 F8010000 		.4byte	.LASF65
 1430 0a84 14       		.byte	0x14
 1431 0a85 AD       		.byte	0xad
 1432 0a86 1A       		.byte	0x1a
 1433 0a87 A70A0000 		.4byte	0xaa7
 1434 0a8b 00       		.byte	0
 1435 0a8c 09       		.uleb128 0x9
 1436 0a8d FD010000 		.4byte	.LASF36
 1437 0a91 14       		.byte	0x14
 1438 0a92 B1       		.byte	0xb1
 1439 0a93 19       		.byte	0x19
 1440 0a94 45010000 		.4byte	0x145
 1441 0a98 04       		.byte	0x4
 1442 0a99 09       		.uleb128 0x9
 1443 0a9a 9D030000 		.4byte	.LASF32
 1444 0a9e 14       		.byte	0x14
 1445 0a9f B3       		.byte	0xb3
 1446 0aa0 19       		.byte	0x19
 1447 0aa1 AD0A0000 		.4byte	0xaad
 1448 0aa5 08       		.byte	0x8
 1449 0aa6 00       		.byte	0
 1450 0aa7 0D       		.uleb128 0xd
 1451 0aa8 04       		.byte	0x4
 1452 0aa9 720A0000 		.4byte	0xa72
 1453 0aad 10       		.uleb128 0x10
 1454 0aae 30030000 		.4byte	0x330
 1455 0ab2 BD0A0000 		.4byte	0xabd
 1456 0ab6 11       		.uleb128 0x11
 1457 0ab7 30000000 		.4byte	0x30
 1458 0abb 07       		.byte	0x7
 1459 0abc 00       		.byte	0
 1460 0abd 03       		.uleb128 0x3
 1461 0abe EA010000 		.4byte	.LASF155
 1462 0ac2 14       		.byte	0x14
 1463 0ac3 B7       		.byte	0xb7
 1464 0ac4 03       		.byte	0x3
 1465 0ac5 720A0000 		.4byte	0xa72
 1466 0ac9 07       		.uleb128 0x7
 1467 0aca 00050000 		.4byte	.LASF156
 1468 0ace 04       		.byte	0x4
 1469 0acf 14       		.byte	0x14
 1470 0ad0 BC       		.byte	0xbc
 1471 0ad1 10       		.byte	0x10
 1472 0ad2 E40A0000 		.4byte	0xae4
 1473 0ad6 09       		.uleb128 0x9
 1474 0ad7 F8010000 		.4byte	.LASF65
 1475 0adb 14       		.byte	0x14
 1476 0adc BD       		.byte	0xbd
 1477 0add 1A       		.byte	0x1a
 1478 0ade E40A0000 		.4byte	0xae4
 1479 0ae2 00       		.byte	0
 1480 0ae3 00       		.byte	0
 1481 0ae4 0D       		.uleb128 0xd
 1482 0ae5 04       		.byte	0x4
ARM GAS  /tmp/ccfEy0nF.s 			page 27


 1483 0ae6 BD0A0000 		.4byte	0xabd
 1484 0aea 03       		.uleb128 0x3
 1485 0aeb EF030000 		.4byte	.LASF157
 1486 0aef 14       		.byte	0x14
 1487 0af0 BE       		.byte	0xbe
 1488 0af1 03       		.byte	0x3
 1489 0af2 C90A0000 		.4byte	0xac9
 1490 0af6 0C       		.uleb128 0xc
 1491 0af7 9C070000 		.4byte	.LASF158
 1492 0afb 48       		.byte	0x48
 1493 0afc 14       		.byte	0x14
 1494 0afd 2001     		.2byte	0x120
 1495 0aff 10       		.byte	0x10
 1496 0b00 830B0000 		.4byte	0xb83
 1497 0b04 0A       		.uleb128 0xa
 1498 0b05 6D747800 		.ascii	"mtx\000"
 1499 0b09 14       		.byte	0x14
 1500 0b0a 2501     		.2byte	0x125
 1501 0b0c 19       		.byte	0x19
 1502 0b0d 86090000 		.4byte	0x986
 1503 0b11 00       		.byte	0
 1504 0b12 0B       		.uleb128 0xb
 1505 0b13 21060000 		.4byte	.LASF159
 1506 0b17 14       		.byte	0x14
 1507 0b18 2C01     		.2byte	0x12c
 1508 0b1a 19       		.byte	0x19
 1509 0b1b EA0A0000 		.4byte	0xaea
 1510 0b1f 10       		.byte	0x10
 1511 0b20 0B       		.uleb128 0xb
 1512 0b21 46060000 		.4byte	.LASF160
 1513 0b25 14       		.byte	0x14
 1514 0b26 3001     		.2byte	0x130
 1515 0b28 19       		.byte	0x19
 1516 0b29 660A0000 		.4byte	0xa66
 1517 0b2d 14       		.byte	0x14
 1518 0b2e 0B       		.uleb128 0xb
 1519 0b2f BC030000 		.4byte	.LASF161
 1520 0b33 14       		.byte	0x14
 1521 0b34 3501     		.2byte	0x135
 1522 0b36 19       		.byte	0x19
 1523 0b37 EA0A0000 		.4byte	0xaea
 1524 0b3b 24       		.byte	0x24
 1525 0b3c 0B       		.uleb128 0xb
 1526 0b3d 60000000 		.4byte	.LASF162
 1527 0b41 14       		.byte	0x14
 1528 0b42 3B01     		.2byte	0x13b
 1529 0b44 19       		.byte	0x19
 1530 0b45 EA0A0000 		.4byte	0xaea
 1531 0b49 28       		.byte	0x28
 1532 0b4a 0B       		.uleb128 0xb
 1533 0b4b 6C050000 		.4byte	.LASF163
 1534 0b4f 14       		.byte	0x14
 1535 0b50 3F01     		.2byte	0x13f
 1536 0b52 19       		.byte	0x19
 1537 0b53 660A0000 		.4byte	0xa66
 1538 0b57 2C       		.byte	0x2c
 1539 0b58 0B       		.uleb128 0xb
ARM GAS  /tmp/ccfEy0nF.s 			page 28


 1540 0b59 05030000 		.4byte	.LASF164
 1541 0b5d 14       		.byte	0x14
 1542 0b5e 4501     		.2byte	0x145
 1543 0b60 19       		.byte	0x19
 1544 0b61 EA0A0000 		.4byte	0xaea
 1545 0b65 3C       		.byte	0x3c
 1546 0b66 0B       		.uleb128 0xb
 1547 0b67 E0070000 		.4byte	.LASF165
 1548 0b6b 14       		.byte	0x14
 1549 0b6c 4B01     		.2byte	0x14b
 1550 0b6e 19       		.byte	0x19
 1551 0b6f EA0A0000 		.4byte	0xaea
 1552 0b73 40       		.byte	0x40
 1553 0b74 0B       		.uleb128 0xb
 1554 0b75 70060000 		.4byte	.LASF166
 1555 0b79 14       		.byte	0x14
 1556 0b7a 5101     		.2byte	0x151
 1557 0b7c 19       		.byte	0x19
 1558 0b7d EA0A0000 		.4byte	0xaea
 1559 0b81 44       		.byte	0x44
 1560 0b82 00       		.byte	0
 1561 0b83 19       		.uleb128 0x19
 1562 0b84 FB070000 		.4byte	.LASF167
 1563 0b88 14       		.byte	0x14
 1564 0b89 5301     		.2byte	0x153
 1565 0b8b 03       		.byte	0x3
 1566 0b8c F60A0000 		.4byte	0xaf6
 1567 0b90 0E       		.uleb128 0xe
 1568 0b91 3B060000 		.4byte	.LASF168
 1569 0b95 14       		.byte	0x14
 1570 0b96 5E01     		.2byte	0x15e
 1571 0b98 1A       		.byte	0x1a
 1572 0b99 830B0000 		.4byte	0xb83
 1573 0b9d 00       		.byte	0
 1574              		.section	.gnu.debuglto_.debug_abbrev,"e",%progbits
 1575              	.Ldebug_abbrev0:
 1576 0000 01       		.uleb128 0x1
 1577 0001 11       		.uleb128 0x11
 1578 0002 01       		.byte	0x1
 1579 0003 25       		.uleb128 0x25
 1580 0004 0E       		.uleb128 0xe
 1581 0005 13       		.uleb128 0x13
 1582 0006 0B       		.uleb128 0xb
 1583 0007 03       		.uleb128 0x3
 1584 0008 0E       		.uleb128 0xe
 1585 0009 1B       		.uleb128 0x1b
 1586 000a 0E       		.uleb128 0xe
 1587 000b 10       		.uleb128 0x10
 1588 000c 17       		.uleb128 0x17
 1589 000d 00       		.byte	0
 1590 000e 00       		.byte	0
 1591 000f 02       		.uleb128 0x2
 1592 0010 24       		.uleb128 0x24
 1593 0011 00       		.byte	0
 1594 0012 0B       		.uleb128 0xb
 1595 0013 0B       		.uleb128 0xb
 1596 0014 3E       		.uleb128 0x3e
ARM GAS  /tmp/ccfEy0nF.s 			page 29


 1597 0015 0B       		.uleb128 0xb
 1598 0016 03       		.uleb128 0x3
 1599 0017 08       		.uleb128 0x8
 1600 0018 00       		.byte	0
 1601 0019 00       		.byte	0
 1602 001a 03       		.uleb128 0x3
 1603 001b 16       		.uleb128 0x16
 1604 001c 00       		.byte	0
 1605 001d 03       		.uleb128 0x3
 1606 001e 0E       		.uleb128 0xe
 1607 001f 3A       		.uleb128 0x3a
 1608 0020 0B       		.uleb128 0xb
 1609 0021 3B       		.uleb128 0x3b
 1610 0022 0B       		.uleb128 0xb
 1611 0023 39       		.uleb128 0x39
 1612 0024 0B       		.uleb128 0xb
 1613 0025 49       		.uleb128 0x49
 1614 0026 13       		.uleb128 0x13
 1615 0027 00       		.byte	0
 1616 0028 00       		.byte	0
 1617 0029 04       		.uleb128 0x4
 1618 002a 24       		.uleb128 0x24
 1619 002b 00       		.byte	0
 1620 002c 0B       		.uleb128 0xb
 1621 002d 0B       		.uleb128 0xb
 1622 002e 3E       		.uleb128 0x3e
 1623 002f 0B       		.uleb128 0xb
 1624 0030 03       		.uleb128 0x3
 1625 0031 0E       		.uleb128 0xe
 1626 0032 00       		.byte	0
 1627 0033 00       		.byte	0
 1628 0034 05       		.uleb128 0x5
 1629 0035 35       		.uleb128 0x35
 1630 0036 00       		.byte	0
 1631 0037 49       		.uleb128 0x49
 1632 0038 13       		.uleb128 0x13
 1633 0039 00       		.byte	0
 1634 003a 00       		.byte	0
 1635 003b 06       		.uleb128 0x6
 1636 003c 26       		.uleb128 0x26
 1637 003d 00       		.byte	0
 1638 003e 49       		.uleb128 0x49
 1639 003f 13       		.uleb128 0x13
 1640 0040 00       		.byte	0
 1641 0041 00       		.byte	0
 1642 0042 07       		.uleb128 0x7
 1643 0043 13       		.uleb128 0x13
 1644 0044 01       		.byte	0x1
 1645 0045 03       		.uleb128 0x3
 1646 0046 0E       		.uleb128 0xe
 1647 0047 0B       		.uleb128 0xb
 1648 0048 0B       		.uleb128 0xb
 1649 0049 3A       		.uleb128 0x3a
 1650 004a 0B       		.uleb128 0xb
 1651 004b 3B       		.uleb128 0x3b
 1652 004c 0B       		.uleb128 0xb
 1653 004d 39       		.uleb128 0x39
ARM GAS  /tmp/ccfEy0nF.s 			page 30


 1654 004e 0B       		.uleb128 0xb
 1655 004f 01       		.uleb128 0x1
 1656 0050 13       		.uleb128 0x13
 1657 0051 00       		.byte	0
 1658 0052 00       		.byte	0
 1659 0053 08       		.uleb128 0x8
 1660 0054 0D       		.uleb128 0xd
 1661 0055 00       		.byte	0
 1662 0056 03       		.uleb128 0x3
 1663 0057 08       		.uleb128 0x8
 1664 0058 3A       		.uleb128 0x3a
 1665 0059 0B       		.uleb128 0xb
 1666 005a 3B       		.uleb128 0x3b
 1667 005b 0B       		.uleb128 0xb
 1668 005c 39       		.uleb128 0x39
 1669 005d 0B       		.uleb128 0xb
 1670 005e 49       		.uleb128 0x49
 1671 005f 13       		.uleb128 0x13
 1672 0060 38       		.uleb128 0x38
 1673 0061 0B       		.uleb128 0xb
 1674 0062 00       		.byte	0
 1675 0063 00       		.byte	0
 1676 0064 09       		.uleb128 0x9
 1677 0065 0D       		.uleb128 0xd
 1678 0066 00       		.byte	0
 1679 0067 03       		.uleb128 0x3
 1680 0068 0E       		.uleb128 0xe
 1681 0069 3A       		.uleb128 0x3a
 1682 006a 0B       		.uleb128 0xb
 1683 006b 3B       		.uleb128 0x3b
 1684 006c 0B       		.uleb128 0xb
 1685 006d 39       		.uleb128 0x39
 1686 006e 0B       		.uleb128 0xb
 1687 006f 49       		.uleb128 0x49
 1688 0070 13       		.uleb128 0x13
 1689 0071 38       		.uleb128 0x38
 1690 0072 0B       		.uleb128 0xb
 1691 0073 00       		.byte	0
 1692 0074 00       		.byte	0
 1693 0075 0A       		.uleb128 0xa
 1694 0076 0D       		.uleb128 0xd
 1695 0077 00       		.byte	0
 1696 0078 03       		.uleb128 0x3
 1697 0079 08       		.uleb128 0x8
 1698 007a 3A       		.uleb128 0x3a
 1699 007b 0B       		.uleb128 0xb
 1700 007c 3B       		.uleb128 0x3b
 1701 007d 05       		.uleb128 0x5
 1702 007e 39       		.uleb128 0x39
 1703 007f 0B       		.uleb128 0xb
 1704 0080 49       		.uleb128 0x49
 1705 0081 13       		.uleb128 0x13
 1706 0082 38       		.uleb128 0x38
 1707 0083 0B       		.uleb128 0xb
 1708 0084 00       		.byte	0
 1709 0085 00       		.byte	0
 1710 0086 0B       		.uleb128 0xb
ARM GAS  /tmp/ccfEy0nF.s 			page 31


 1711 0087 0D       		.uleb128 0xd
 1712 0088 00       		.byte	0
 1713 0089 03       		.uleb128 0x3
 1714 008a 0E       		.uleb128 0xe
 1715 008b 3A       		.uleb128 0x3a
 1716 008c 0B       		.uleb128 0xb
 1717 008d 3B       		.uleb128 0x3b
 1718 008e 05       		.uleb128 0x5
 1719 008f 39       		.uleb128 0x39
 1720 0090 0B       		.uleb128 0xb
 1721 0091 49       		.uleb128 0x49
 1722 0092 13       		.uleb128 0x13
 1723 0093 38       		.uleb128 0x38
 1724 0094 0B       		.uleb128 0xb
 1725 0095 00       		.byte	0
 1726 0096 00       		.byte	0
 1727 0097 0C       		.uleb128 0xc
 1728 0098 13       		.uleb128 0x13
 1729 0099 01       		.byte	0x1
 1730 009a 03       		.uleb128 0x3
 1731 009b 0E       		.uleb128 0xe
 1732 009c 0B       		.uleb128 0xb
 1733 009d 0B       		.uleb128 0xb
 1734 009e 3A       		.uleb128 0x3a
 1735 009f 0B       		.uleb128 0xb
 1736 00a0 3B       		.uleb128 0x3b
 1737 00a1 05       		.uleb128 0x5
 1738 00a2 39       		.uleb128 0x39
 1739 00a3 0B       		.uleb128 0xb
 1740 00a4 01       		.uleb128 0x1
 1741 00a5 13       		.uleb128 0x13
 1742 00a6 00       		.byte	0
 1743 00a7 00       		.byte	0
 1744 00a8 0D       		.uleb128 0xd
 1745 00a9 0F       		.uleb128 0xf
 1746 00aa 00       		.byte	0
 1747 00ab 0B       		.uleb128 0xb
 1748 00ac 0B       		.uleb128 0xb
 1749 00ad 49       		.uleb128 0x49
 1750 00ae 13       		.uleb128 0x13
 1751 00af 00       		.byte	0
 1752 00b0 00       		.byte	0
 1753 00b1 0E       		.uleb128 0xe
 1754 00b2 34       		.uleb128 0x34
 1755 00b3 00       		.byte	0
 1756 00b4 03       		.uleb128 0x3
 1757 00b5 0E       		.uleb128 0xe
 1758 00b6 3A       		.uleb128 0x3a
 1759 00b7 0B       		.uleb128 0xb
 1760 00b8 3B       		.uleb128 0x3b
 1761 00b9 05       		.uleb128 0x5
 1762 00ba 39       		.uleb128 0x39
 1763 00bb 0B       		.uleb128 0xb
 1764 00bc 49       		.uleb128 0x49
 1765 00bd 13       		.uleb128 0x13
 1766 00be 3F       		.uleb128 0x3f
 1767 00bf 19       		.uleb128 0x19
ARM GAS  /tmp/ccfEy0nF.s 			page 32


 1768 00c0 3C       		.uleb128 0x3c
 1769 00c1 19       		.uleb128 0x19
 1770 00c2 00       		.byte	0
 1771 00c3 00       		.byte	0
 1772 00c4 0F       		.uleb128 0xf
 1773 00c5 34       		.uleb128 0x34
 1774 00c6 00       		.byte	0
 1775 00c7 03       		.uleb128 0x3
 1776 00c8 0E       		.uleb128 0xe
 1777 00c9 3A       		.uleb128 0x3a
 1778 00ca 0B       		.uleb128 0xb
 1779 00cb 3B       		.uleb128 0x3b
 1780 00cc 0B       		.uleb128 0xb
 1781 00cd 39       		.uleb128 0x39
 1782 00ce 0B       		.uleb128 0xb
 1783 00cf 49       		.uleb128 0x49
 1784 00d0 13       		.uleb128 0x13
 1785 00d1 3F       		.uleb128 0x3f
 1786 00d2 19       		.uleb128 0x19
 1787 00d3 3C       		.uleb128 0x3c
 1788 00d4 19       		.uleb128 0x19
 1789 00d5 00       		.byte	0
 1790 00d6 00       		.byte	0
 1791 00d7 10       		.uleb128 0x10
 1792 00d8 01       		.uleb128 0x1
 1793 00d9 01       		.byte	0x1
 1794 00da 49       		.uleb128 0x49
 1795 00db 13       		.uleb128 0x13
 1796 00dc 01       		.uleb128 0x1
 1797 00dd 13       		.uleb128 0x13
 1798 00de 00       		.byte	0
 1799 00df 00       		.byte	0
 1800 00e0 11       		.uleb128 0x11
 1801 00e1 21       		.uleb128 0x21
 1802 00e2 00       		.byte	0
 1803 00e3 49       		.uleb128 0x49
 1804 00e4 13       		.uleb128 0x13
 1805 00e5 2F       		.uleb128 0x2f
 1806 00e6 0B       		.uleb128 0xb
 1807 00e7 00       		.byte	0
 1808 00e8 00       		.byte	0
 1809 00e9 12       		.uleb128 0x12
 1810 00ea 13       		.uleb128 0x13
 1811 00eb 01       		.byte	0x1
 1812 00ec 0B       		.uleb128 0xb
 1813 00ed 0B       		.uleb128 0xb
 1814 00ee 3A       		.uleb128 0x3a
 1815 00ef 0B       		.uleb128 0xb
 1816 00f0 3B       		.uleb128 0x3b
 1817 00f1 0B       		.uleb128 0xb
 1818 00f2 39       		.uleb128 0x39
 1819 00f3 0B       		.uleb128 0xb
 1820 00f4 01       		.uleb128 0x1
 1821 00f5 13       		.uleb128 0x13
 1822 00f6 00       		.byte	0
 1823 00f7 00       		.byte	0
 1824 00f8 13       		.uleb128 0x13
ARM GAS  /tmp/ccfEy0nF.s 			page 33


 1825 00f9 04       		.uleb128 0x4
 1826 00fa 01       		.byte	0x1
 1827 00fb 3E       		.uleb128 0x3e
 1828 00fc 0B       		.uleb128 0xb
 1829 00fd 0B       		.uleb128 0xb
 1830 00fe 0B       		.uleb128 0xb
 1831 00ff 49       		.uleb128 0x49
 1832 0100 13       		.uleb128 0x13
 1833 0101 3A       		.uleb128 0x3a
 1834 0102 0B       		.uleb128 0xb
 1835 0103 3B       		.uleb128 0x3b
 1836 0104 0B       		.uleb128 0xb
 1837 0105 39       		.uleb128 0x39
 1838 0106 0B       		.uleb128 0xb
 1839 0107 01       		.uleb128 0x1
 1840 0108 13       		.uleb128 0x13
 1841 0109 00       		.byte	0
 1842 010a 00       		.byte	0
 1843 010b 14       		.uleb128 0x14
 1844 010c 28       		.uleb128 0x28
 1845 010d 00       		.byte	0
 1846 010e 03       		.uleb128 0x3
 1847 010f 0E       		.uleb128 0xe
 1848 0110 1C       		.uleb128 0x1c
 1849 0111 0B       		.uleb128 0xb
 1850 0112 00       		.byte	0
 1851 0113 00       		.byte	0
 1852 0114 15       		.uleb128 0x15
 1853 0115 0F       		.uleb128 0xf
 1854 0116 00       		.byte	0
 1855 0117 0B       		.uleb128 0xb
 1856 0118 0B       		.uleb128 0xb
 1857 0119 00       		.byte	0
 1858 011a 00       		.byte	0
 1859 011b 16       		.uleb128 0x16
 1860 011c 17       		.uleb128 0x17
 1861 011d 01       		.byte	0x1
 1862 011e 0B       		.uleb128 0xb
 1863 011f 0B       		.uleb128 0xb
 1864 0120 3A       		.uleb128 0x3a
 1865 0121 0B       		.uleb128 0xb
 1866 0122 3B       		.uleb128 0x3b
 1867 0123 0B       		.uleb128 0xb
 1868 0124 39       		.uleb128 0x39
 1869 0125 0B       		.uleb128 0xb
 1870 0126 01       		.uleb128 0x1
 1871 0127 13       		.uleb128 0x13
 1872 0128 00       		.byte	0
 1873 0129 00       		.byte	0
 1874 012a 17       		.uleb128 0x17
 1875 012b 0D       		.uleb128 0xd
 1876 012c 00       		.byte	0
 1877 012d 03       		.uleb128 0x3
 1878 012e 0E       		.uleb128 0xe
 1879 012f 3A       		.uleb128 0x3a
 1880 0130 0B       		.uleb128 0xb
 1881 0131 3B       		.uleb128 0x3b
ARM GAS  /tmp/ccfEy0nF.s 			page 34


 1882 0132 0B       		.uleb128 0xb
 1883 0133 39       		.uleb128 0x39
 1884 0134 0B       		.uleb128 0xb
 1885 0135 49       		.uleb128 0x49
 1886 0136 13       		.uleb128 0x13
 1887 0137 00       		.byte	0
 1888 0138 00       		.byte	0
 1889 0139 18       		.uleb128 0x18
 1890 013a 0D       		.uleb128 0xd
 1891 013b 00       		.byte	0
 1892 013c 03       		.uleb128 0x3
 1893 013d 0E       		.uleb128 0xe
 1894 013e 3A       		.uleb128 0x3a
 1895 013f 0B       		.uleb128 0xb
 1896 0140 3B       		.uleb128 0x3b
 1897 0141 05       		.uleb128 0x5
 1898 0142 39       		.uleb128 0x39
 1899 0143 0B       		.uleb128 0xb
 1900 0144 49       		.uleb128 0x49
 1901 0145 13       		.uleb128 0x13
 1902 0146 00       		.byte	0
 1903 0147 00       		.byte	0
 1904 0148 19       		.uleb128 0x19
 1905 0149 16       		.uleb128 0x16
 1906 014a 00       		.byte	0
 1907 014b 03       		.uleb128 0x3
 1908 014c 0E       		.uleb128 0xe
 1909 014d 3A       		.uleb128 0x3a
 1910 014e 0B       		.uleb128 0xb
 1911 014f 3B       		.uleb128 0x3b
 1912 0150 05       		.uleb128 0x5
 1913 0151 39       		.uleb128 0x39
 1914 0152 0B       		.uleb128 0xb
 1915 0153 49       		.uleb128 0x49
 1916 0154 13       		.uleb128 0x13
 1917 0155 00       		.byte	0
 1918 0156 00       		.byte	0
 1919 0157 1A       		.uleb128 0x1a
 1920 0158 34       		.uleb128 0x34
 1921 0159 00       		.byte	0
 1922 015a 03       		.uleb128 0x3
 1923 015b 08       		.uleb128 0x8
 1924 015c 3A       		.uleb128 0x3a
 1925 015d 0B       		.uleb128 0xb
 1926 015e 3B       		.uleb128 0x3b
 1927 015f 05       		.uleb128 0x5
 1928 0160 39       		.uleb128 0x39
 1929 0161 0B       		.uleb128 0xb
 1930 0162 49       		.uleb128 0x49
 1931 0163 13       		.uleb128 0x13
 1932 0164 3F       		.uleb128 0x3f
 1933 0165 19       		.uleb128 0x19
 1934 0166 3C       		.uleb128 0x3c
 1935 0167 19       		.uleb128 0x19
 1936 0168 00       		.byte	0
 1937 0169 00       		.byte	0
 1938 016a 1B       		.uleb128 0x1b
ARM GAS  /tmp/ccfEy0nF.s 			page 35


 1939 016b 15       		.uleb128 0x15
 1940 016c 01       		.byte	0x1
 1941 016d 27       		.uleb128 0x27
 1942 016e 19       		.uleb128 0x19
 1943 016f 49       		.uleb128 0x49
 1944 0170 13       		.uleb128 0x13
 1945 0171 01       		.uleb128 0x1
 1946 0172 13       		.uleb128 0x13
 1947 0173 00       		.byte	0
 1948 0174 00       		.byte	0
 1949 0175 1C       		.uleb128 0x1c
 1950 0176 05       		.uleb128 0x5
 1951 0177 00       		.byte	0
 1952 0178 49       		.uleb128 0x49
 1953 0179 13       		.uleb128 0x13
 1954 017a 00       		.byte	0
 1955 017b 00       		.byte	0
 1956 017c 00       		.byte	0
 1957              		.section	.gnu.debuglto_.debug_line,"e",%progbits
 1958              	.Ldebug_line0:
 1959 0000 3B020000 		.4byte	.LELT0-.LSLT0
 1960              	.LSLT0:
 1961 0004 0400     		.2byte	0x4
 1962 0006 35020000 		.4byte	.LELTP0-.LASLTP0
 1963              	.LASLTP0:
 1964 000a 01       		.byte	0x1
 1965 000b 01       		.byte	0x1
 1966 000c 01       		.byte	0x1
 1967 000d F6       		.byte	0xf6
 1968 000e F2       		.byte	0xf2
 1969 000f 0D       		.byte	0xd
 1970 0010 00       		.byte	0
 1971 0011 01       		.byte	0x1
 1972 0012 01       		.byte	0x1
 1973 0013 01       		.byte	0x1
 1974 0014 01       		.byte	0x1
 1975 0015 00       		.byte	0
 1976 0016 00       		.byte	0
 1977 0017 00       		.byte	0
 1978 0018 01       		.byte	0x1
 1979 0019 00       		.byte	0
 1980 001a 00       		.byte	0
 1981 001b 01       		.byte	0x1
 1982 001c 43686962 		.ascii	"ChibiOS_21.6.0/os/common/ext/ARM/CMSIS/Core/Include"
 1982      694F535F 
 1982      32312E36 
 1982      2E302F6F 
 1982      732F636F 
 1983 004f 00       		.byte	0
 1984 0050 43686962 		.ascii	"ChibiOS_21.6.0/os/common/ext/ST/STM32F1xx"
 1984      694F535F 
 1984      32312E36 
 1984      2E302F6F 
 1984      732F636F 
 1985 0079 00       		.byte	0
 1986 007a 43686962 		.ascii	"ChibiOS_21.6.0/os/common/ports/ARM-common"
 1986      694F535F 
ARM GAS  /tmp/ccfEy0nF.s 			page 36


 1986      32312E36 
 1986      2E302F6F 
 1986      732F636F 
 1987 00a3 00       		.byte	0
 1988 00a4 43686962 		.ascii	"ChibiOS_21.6.0/os/common/ports/ARMv7-M"
 1988      694F535F 
 1988      32312E36 
 1988      2E302F6F 
 1988      732F636F 
 1989 00ca 00       		.byte	0
 1990 00cb 43686962 		.ascii	"ChibiOS_21.6.0/os/oslib/include"
 1990      694F535F 
 1990      32312E36 
 1990      2E302F6F 
 1990      732F6F73 
 1991 00ea 00       		.byte	0
 1992 00eb 43686962 		.ascii	"ChibiOS_21.6.0/os/rt/include"
 1992      694F535F 
 1992      32312E36 
 1992      2E302F6F 
 1992      732F7274 
 1993 0107 00       		.byte	0
 1994 0108 2F757372 		.ascii	"/usr/lib/gcc/arm-none-eabi/9.2.1/include"
 1994      2F6C6962 
 1994      2F676363 
 1994      2F61726D 
 1994      2D6E6F6E 
 1995 0130 00       		.byte	0
 1996 0131 00       		.byte	0
 1997 0132 73746464 		.ascii	"stddef.h\000"
 1997      65662E68 
 1997      00
 1998 013b 07       		.uleb128 0x7
 1999 013c 00       		.uleb128 0
 2000 013d 00       		.uleb128 0
 2001 013e 73746469 		.ascii	"stdint.h\000"
 2001      6E742E68 
 2001      00
 2002 0147 07       		.uleb128 0x7
 2003 0148 00       		.uleb128 0
 2004 0149 00       		.uleb128 0
 2005 014a 63687479 		.ascii	"chtypes.h\000"
 2005      7065732E 
 2005      6800
 2006 0154 03       		.uleb128 0x3
 2007 0155 00       		.uleb128 0
 2008 0156 00       		.uleb128 0
 2009 0157 63686561 		.ascii	"chearly.h\000"
 2009      726C792E 
 2009      6800
 2010 0161 06       		.uleb128 0x6
 2011 0162 00       		.uleb128 0
 2012 0163 00       		.uleb128 0
 2013 0164 63686F62 		.ascii	"chobjects.h\000"
 2013      6A656374 
 2013      732E6800 
 2014 0170 06       		.uleb128 0x6
ARM GAS  /tmp/ccfEy0nF.s 			page 37


 2015 0171 00       		.uleb128 0
 2016 0172 00       		.uleb128 0
 2017 0173 63687266 		.ascii	"chrfcu.h\000"
 2017      63752E68 
 2017      00
 2018 017c 06       		.uleb128 0x6
 2019 017d 00       		.uleb128 0
 2020 017e 00       		.uleb128 0
 2021 017f 63686465 		.ascii	"chdebug.h\000"
 2021      6275672E 
 2021      6800
 2022 0189 06       		.uleb128 0x6
 2023 018a 00       		.uleb128 0
 2024 018b 00       		.uleb128 0
 2025 018c 63687469 		.ascii	"chtime.h\000"
 2025      6D652E68 
 2025      00
 2026 0195 06       		.uleb128 0x6
 2027 0196 00       		.uleb128 0
 2028 0197 00       		.uleb128 0
 2029 0198 63686C69 		.ascii	"chlists.h\000"
 2029      7374732E 
 2029      6800
 2030 01a2 06       		.uleb128 0x6
 2031 01a3 00       		.uleb128 0
 2032 01a4 00       		.uleb128 0
 2033 01a5 636F7265 		.ascii	"core_cm3.h\000"
 2033      5F636D33 
 2033      2E6800
 2034 01b0 01       		.uleb128 0x1
 2035 01b1 00       		.uleb128 0
 2036 01b2 00       		.uleb128 0
 2037 01b3 73797374 		.ascii	"system_stm32f1xx.h\000"
 2037      656D5F73 
 2037      746D3332 
 2037      66317878 
 2037      2E6800
 2038 01c6 02       		.uleb128 0x2
 2039 01c7 00       		.uleb128 0
 2040 01c8 00       		.uleb128 0
 2041 01c9 6368636F 		.ascii	"chcore.h\000"
 2041      72652E68 
 2041      00
 2042 01d2 04       		.uleb128 0x4
 2043 01d3 00       		.uleb128 0
 2044 01d4 00       		.uleb128 0
 2045 01d5 6368746D 		.ascii	"chtm.h\000"
 2045      2E6800
 2046 01dc 06       		.uleb128 0x6
 2047 01dd 00       		.uleb128 0
 2048 01de 00       		.uleb128 0
 2049 01df 63687365 		.ascii	"chsem.h\000"
 2049      6D2E6800 
 2050 01e7 06       		.uleb128 0x6
 2051 01e8 00       		.uleb128 0
 2052 01e9 00       		.uleb128 0
 2053 01ea 63686D74 		.ascii	"chmtx.h\000"
ARM GAS  /tmp/ccfEy0nF.s 			page 38


 2053      782E6800 
 2054 01f2 06       		.uleb128 0x6
 2055 01f3 00       		.uleb128 0
 2056 01f4 00       		.uleb128 0
 2057 01f5 63687379 		.ascii	"chsys.h\000"
 2057      732E6800 
 2058 01fd 06       		.uleb128 0x6
 2059 01fe 00       		.uleb128 0
 2060 01ff 00       		.uleb128 0
 2061 0200 63687265 		.ascii	"chregistry.h\000"
 2061      67697374 
 2061      72792E68 
 2061      00
 2062 020d 06       		.uleb128 0x6
 2063 020e 00       		.uleb128 0
 2064 020f 00       		.uleb128 0
 2065 0210 63686D65 		.ascii	"chmemcore.h\000"
 2065      6D636F72 
 2065      652E6800 
 2066 021c 05       		.uleb128 0x5
 2067 021d 00       		.uleb128 0
 2068 021e 00       		.uleb128 0
 2069 021f 63686D65 		.ascii	"chmempools.h\000"
 2069      6D706F6F 
 2069      6C732E68 
 2069      00
 2070 022c 05       		.uleb128 0x5
 2071 022d 00       		.uleb128 0
 2072 022e 00       		.uleb128 0
 2073 022f 63686661 		.ascii	"chfactory.h\000"
 2073      63746F72 
 2073      792E6800 
 2074 023b 05       		.uleb128 0x5
 2075 023c 00       		.uleb128 0
 2076 023d 00       		.uleb128 0
 2077 023e 00       		.byte	0
 2078              	.LELTP0:
 2079              	.LELT0:
 2080              		.section	.gnu.debuglto_.debug_str,"eMS",%progbits,1
 2081              	.LASF111:
 2082 0000 72656164 		.ascii	"ready_list_t\000"
 2082      795F6C69 
 2082      73745F74 
 2082      00
 2083              	.LASF50:
 2084 000d 72666375 		.ascii	"rfcu\000"
 2084      00
 2085              	.LASF5:
 2086 0012 73697A65 		.ascii	"size_t\000"
 2086      5F7400
 2087              	.LASF74:
 2088 0019 64656C74 		.ascii	"delta\000"
 2088      6100
 2089              	.LASF99:
 2090 001f 7264796D 		.ascii	"rdymsg\000"
 2090      736700
 2091              	.LASF14:
ARM GAS  /tmp/ccfEy0nF.s 			page 39


 2092 0026 75696E74 		.ascii	"uint64_t\000"
 2092      36345F74 
 2092      00
 2093              	.LASF68:
 2094 002f 70726576 		.ascii	"prev\000"
 2094      00
 2095              	.LASF79:
 2096 0034 706F7274 		.ascii	"port_intctx\000"
 2096      5F696E74 
 2096      63747800 
 2097              	.LASF60:
 2098 0040 73797374 		.ascii	"system_debug_t\000"
 2098      656D5F64 
 2098      65627567 
 2098      5F7400
 2099              	.LASF152:
 2100 004f 70726F76 		.ascii	"provider\000"
 2100      69646572 
 2100      00
 2101              	.LASF49:
 2102 0058 636F7265 		.ascii	"core_id\000"
 2102      5F696400 
 2103              	.LASF162:
 2104 0060 73656D5F 		.ascii	"sem_list\000"
 2104      6C697374 
 2104      00
 2105              	.LASF69:
 2106 0069 63685F70 		.ascii	"ch_priority_queue_t\000"
 2106      72696F72 
 2106      6974795F 
 2106      71756575 
 2106      655F7400 
 2107              	.LASF117:
 2108 007d 6F735F69 		.ascii	"os_instance_config_t\000"
 2108      6E737461 
 2108      6E63655F 
 2108      636F6E66 
 2108      69675F74 
 2109              	.LASF144:
 2110 0092 6D656D67 		.ascii	"memgetfunc_t\000"
 2110      65746675 
 2110      6E635F74 
 2110      00
 2111              	.LASF15:
 2112 009f 6C6F6E67 		.ascii	"long long unsigned int\000"
 2112      206C6F6E 
 2112      6720756E 
 2112      7369676E 
 2112      65642069 
 2113              	.LASF85:
 2114 00b6 63685F73 		.ascii	"ch_sys_running\000"
 2114      79735F72 
 2114      756E6E69 
 2114      6E6700
 2115              	.LASF169:
 2116 00c5 474E5520 		.ascii	"GNU C17 9.2.1 20191025 (release) [ARM/arm-9-branch "
 2116      43313720 
ARM GAS  /tmp/ccfEy0nF.s 			page 40


 2116      392E322E 
 2116      31203230 
 2116      31393130 
 2117 00f8 72657669 		.ascii	"revision 277599] -mcpu=cortex-m3 -mthumb -mfloat-ab"
 2117      73696F6E 
 2117      20323737 
 2117      3539395D 
 2117      202D6D63 
 2118 012b 693D736F 		.ascii	"i=soft -march=armv7-m -ggdb -O2 -fomit-frame-pointe"
 2118      6674202D 
 2118      6D617263 
 2118      683D6172 
 2118      6D76372D 
 2119 015e 72202D66 		.ascii	"r -falign-functions=16 -ffunction-sections -fdata-s"
 2119      616C6967 
 2119      6E2D6675 
 2119      6E637469 
 2119      6F6E733D 
 2120 0191 65637469 		.ascii	"ections -fno-common -flto\000"
 2120      6F6E7320 
 2120      2D666E6F 
 2120      2D636F6D 
 2120      6D6F6E20 
 2121              	.LASF100:
 2122 01ab 65786974 		.ascii	"exitcode\000"
 2122      636F6465 
 2122      00
 2123              	.LASF52:
 2124 01b4 6D61696E 		.ascii	"mainthread\000"
 2124      74687265 
 2124      616400
 2125              	.LASF103:
 2126 01bf 73656E74 		.ascii	"sentmsg\000"
 2126      6D736700 
 2127              	.LASF92:
 2128 01c7 76697274 		.ascii	"virtual_timers_list_t\000"
 2128      75616C5F 
 2128      74696D65 
 2128      72735F6C 
 2128      6973745F 
 2129              	.LASF75:
 2130 01dd 49544D5F 		.ascii	"ITM_RxBuffer\000"
 2130      52784275 
 2130      66666572 
 2130      00
 2131              	.LASF155:
 2132 01ea 64796E5F 		.ascii	"dyn_element_t\000"
 2132      656C656D 
 2132      656E745F 
 2132      7400
 2133              	.LASF65:
 2134 01f8 6E657874 		.ascii	"next\000"
 2134      00
 2135              	.LASF36:
 2136 01fd 72656673 		.ascii	"refs\000"
 2136      00
 2137              	.LASF1:
ARM GAS  /tmp/ccfEy0nF.s 			page 41


 2138 0202 6C6F6E67 		.ascii	"long long int\000"
 2138      206C6F6E 
 2138      6720696E 
 2138      7400
 2139              	.LASF3:
 2140 0210 7369676E 		.ascii	"signed char\000"
 2140      65642063 
 2140      68617200 
 2141              	.LASF84:
 2142 021c 63685F73 		.ascii	"ch_sys_initializing\000"
 2142      79735F69 
 2142      6E697469 
 2142      616C697A 
 2142      696E6700 
 2143              	.LASF46:
 2144 0230 726C6973 		.ascii	"rlist\000"
 2144      7400
 2145              	.LASF43:
 2146 0236 6F735F69 		.ascii	"os_instance_t\000"
 2146      6E737461 
 2146      6E63655F 
 2146      7400
 2147              	.LASF47:
 2148 0244 76746C69 		.ascii	"vtlist\000"
 2148      737400
 2149              	.LASF170:
 2150 024b 2E2F4368 		.ascii	"./ChibiOS_21.6.0/os/hal/osal/rt-nil/osal.c\000"
 2150      6962694F 
 2150      535F3231 
 2150      2E362E30 
 2150      2F6F732F 
 2151              	.LASF38:
 2152 0276 6D736771 		.ascii	"msgqueue\000"
 2152      75657565 
 2152      00
 2153              	.LASF127:
 2154 027f 74696D65 		.ascii	"timesize\000"
 2154      73697A65 
 2154      00
 2155              	.LASF34:
 2156 0288 73746174 		.ascii	"state\000"
 2156      6500
 2157              	.LASF7:
 2158 028e 6C6F6E67 		.ascii	"long int\000"
 2158      20696E74 
 2158      00
 2159              	.LASF21:
 2160 0297 74737461 		.ascii	"tstate_t\000"
 2160      74655F74 
 2160      00
 2161              	.LASF54:
 2162 02a0 63685F72 		.ascii	"ch_rfcu\000"
 2162      66637500 
 2163              	.LASF67:
 2164 02a8 63685F71 		.ascii	"ch_queue\000"
 2164      75657565 
 2164      00
ARM GAS  /tmp/ccfEy0nF.s 			page 42


 2165              	.LASF122:
 2166 02b1 6964656E 		.ascii	"identifier\000"
 2166      74696669 
 2166      657200
 2167              	.LASF145:
 2168 02bc 62617365 		.ascii	"basemem\000"
 2168      6D656D00 
 2169              	.LASF10:
 2170 02c4 75696E74 		.ascii	"uint16_t\000"
 2170      31365F74 
 2170      00
 2171              	.LASF72:
 2172 02cd 63685F64 		.ascii	"ch_delta_list_t\000"
 2172      656C7461 
 2172      5F6C6973 
 2172      745F7400 
 2173              	.LASF138:
 2174 02dd 6F66665F 		.ascii	"off_preempt\000"
 2174      70726565 
 2174      6D707400 
 2175              	.LASF93:
 2176 02e9 63685F72 		.ascii	"ch_registry\000"
 2176      65676973 
 2176      74727900 
 2177              	.LASF55:
 2178 02f5 6D61736B 		.ascii	"mask\000"
 2178      00
 2179              	.LASF66:
 2180 02fa 63685F71 		.ascii	"ch_queue_t\000"
 2180      75657565 
 2180      5F7400
 2181              	.LASF164:
 2182 0305 6D62785F 		.ascii	"mbx_list\000"
 2182      6C697374 
 2182      00
 2183              	.LASF57:
 2184 030e 63685F73 		.ascii	"ch_system_debug\000"
 2184      79737465 
 2184      6D5F6465 
 2184      62756700 
 2185              	.LASF37:
 2186 031e 77616974 		.ascii	"waiting\000"
 2186      696E6700 
 2187              	.LASF78:
 2188 0326 41504250 		.ascii	"APBPrescTable\000"
 2188      72657363 
 2188      5461626C 
 2188      6500
 2189              	.LASF123:
 2190 0334 7A65726F 		.ascii	"zero\000"
 2190      00
 2191              	.LASF142:
 2192 0339 6D757465 		.ascii	"mutex_t\000"
 2192      785F7400 
 2193              	.LASF151:
 2194 0341 616C6967 		.ascii	"align\000"
 2194      6E00
ARM GAS  /tmp/ccfEy0nF.s 			page 43


 2195              	.LASF62:
 2196 0347 73797369 		.ascii	"sysinterval_t\000"
 2196      6E746572 
 2196      76616C5F 
 2196      7400
 2197              	.LASF26:
 2198 0355 636E745F 		.ascii	"cnt_t\000"
 2198      7400
 2199              	.LASF0:
 2200 035b 756E7369 		.ascii	"unsigned int\000"
 2200      676E6564 
 2200      20696E74 
 2200      00
 2201              	.LASF119:
 2202 0368 696E7374 		.ascii	"instances\000"
 2202      616E6365 
 2202      7300
 2203              	.LASF104:
 2204 0372 77747365 		.ascii	"wtsemp\000"
 2204      6D7000
 2205              	.LASF102:
 2206 0379 77747472 		.ascii	"wttrp\000"
 2206      7000
 2207              	.LASF30:
 2208 037f 72717565 		.ascii	"rqueue\000"
 2208      756500
 2209              	.LASF141:
 2210 0386 63685F64 		.ascii	"ch_debug\000"
 2210      65627567 
 2210      00
 2211              	.LASF153:
 2212 038f 6D656D6F 		.ascii	"memory_pool_t\000"
 2212      72795F70 
 2212      6F6F6C5F 
 2212      7400
 2213              	.LASF32:
 2214 039d 6E616D65 		.ascii	"name\000"
 2214      00
 2215              	.LASF94:
 2216 03a2 71756575 		.ascii	"queue\000"
 2216      6500
 2217              	.LASF42:
 2218 03a8 6D706F6F 		.ascii	"mpool\000"
 2218      6C00
 2219              	.LASF124:
 2220 03ae 73697A65 		.ascii	"size\000"
 2220      00
 2221              	.LASF137:
 2222 03b3 6F66665F 		.ascii	"off_refs\000"
 2222      72656673 
 2222      00
 2223              	.LASF161:
 2224 03bc 6275665F 		.ascii	"buf_list\000"
 2224      6C697374 
 2224      00
 2225              	.LASF63:
 2226 03c5 63685F6C 		.ascii	"ch_list_t\000"
ARM GAS  /tmp/ccfEy0nF.s 			page 44


 2226      6973745F 
 2226      7400
 2227              	.LASF44:
 2228 03cf 63685F74 		.ascii	"ch_thread\000"
 2228      68726561 
 2228      6400
 2229              	.LASF24:
 2230 03d9 6D73675F 		.ascii	"msg_t\000"
 2230      7400
 2231              	.LASF27:
 2232 03df 75636E74 		.ascii	"ucnt_t\000"
 2232      5F7400
 2233              	.LASF39:
 2234 03e6 6570656E 		.ascii	"epending\000"
 2234      64696E67 
 2234      00
 2235              	.LASF157:
 2236 03ef 64796E5F 		.ascii	"dyn_list_t\000"
 2236      6C697374 
 2236      5F7400
 2237              	.LASF120:
 2238 03fa 63685F73 		.ascii	"ch_system_t\000"
 2238      79737465 
 2238      6D5F7400 
 2239              	.LASF130:
 2240 0406 6F66665F 		.ascii	"off_ctx\000"
 2240      63747800 
 2241              	.LASF20:
 2242 040e 746D6F64 		.ascii	"tmode_t\000"
 2242      655F7400 
 2243              	.LASF171:
 2244 0416 2F686F6D 		.ascii	"/home/iamprithvishetty/Hobby/Nymble/stm32f103_uart\000"
 2244      652F6961 
 2244      6D707269 
 2244      74687669 
 2244      73686574 
 2245              	.LASF64:
 2246 0449 63685F6C 		.ascii	"ch_list\000"
 2246      69737400 
 2247              	.LASF109:
 2248 0451 63685F72 		.ascii	"ch_ready_list\000"
 2248      65616479 
 2248      5F6C6973 
 2248      7400
 2249              	.LASF25:
 2250 045f 6576656E 		.ascii	"eventmask_t\000"
 2250      746D6173 
 2250      6B5F7400 
 2251              	.LASF77:
 2252 046b 41484250 		.ascii	"AHBPrescTable\000"
 2252      72657363 
 2252      5461626C 
 2252      6500
 2253              	.LASF19:
 2254 0479 73746B61 		.ascii	"stkalign_t\000"
 2254      6C69676E 
 2254      5F7400
ARM GAS  /tmp/ccfEy0nF.s 			page 45


 2255              	.LASF115:
 2256 0484 69646C65 		.ascii	"idlethread_base\000"
 2256      74687265 
 2256      61645F62 
 2256      61736500 
 2257              	.LASF91:
 2258 0494 6C617374 		.ascii	"laststamp\000"
 2258      7374616D 
 2258      7000
 2259              	.LASF146:
 2260 049e 746F706D 		.ascii	"topmem\000"
 2260      656D00
 2261              	.LASF41:
 2262 04a5 7265616C 		.ascii	"realprio\000"
 2262      7072696F 
 2262      00
 2263              	.LASF125:
 2264 04ae 76657273 		.ascii	"version\000"
 2264      696F6E00 
 2265              	.LASF53:
 2266 04b6 72666375 		.ascii	"rfcu_mask_t\000"
 2266      5F6D6173 
 2266      6B5F7400 
 2267              	.LASF18:
 2268 04c2 7274636E 		.ascii	"rtcnt_t\000"
 2268      745F7400 
 2269              	.LASF96:
 2270 04ca 74687265 		.ascii	"thread_reference_t\000"
 2270      61645F72 
 2270      65666572 
 2270      656E6365 
 2270      5F7400
 2271              	.LASF88:
 2272 04dd 63685F76 		.ascii	"ch_virtual_timers_list\000"
 2272      69727475 
 2272      616C5F74 
 2272      696D6572 
 2272      735F6C69 
 2273              	.LASF2:
 2274 04f4 6C6F6E67 		.ascii	"long double\000"
 2274      20646F75 
 2274      626C6500 
 2275              	.LASF156:
 2276 0500 63685F64 		.ascii	"ch_dyn_list\000"
 2276      796E5F6C 
 2276      69737400 
 2277              	.LASF131:
 2278 050c 6F66665F 		.ascii	"off_newer\000"
 2278      6E657765 
 2278      7200
 2279              	.LASF16:
 2280 0516 706F7274 		.ascii	"port_rtcnt_t\000"
 2280      5F727463 
 2280      6E745F74 
 2280      00
 2281              	.LASF112:
 2282 0523 63685F6F 		.ascii	"ch_os_instance_config\000"
ARM GAS  /tmp/ccfEy0nF.s 			page 46


 2282      735F696E 
 2282      7374616E 
 2282      63655F63 
 2282      6F6E6669 
 2283              	.LASF80:
 2284 0539 706F7274 		.ascii	"port_context\000"
 2284      5F636F6E 
 2284      74657874 
 2284      00
 2285              	.LASF82:
 2286 0546 746D5F63 		.ascii	"tm_calibration_t\000"
 2286      616C6962 
 2286      72617469 
 2286      6F6E5F74 
 2286      00
 2287              	.LASF113:
 2288 0557 6D61696E 		.ascii	"mainthread_base\000"
 2288      74687265 
 2288      61645F62 
 2288      61736500 
 2289              	.LASF71:
 2290 0567 7072696F 		.ascii	"prio\000"
 2290      00
 2291              	.LASF163:
 2292 056c 73656D5F 		.ascii	"sem_pool\000"
 2292      706F6F6C 
 2292      00
 2293              	.LASF110:
 2294 0575 63757272 		.ascii	"current\000"
 2294      656E7400 
 2295              	.LASF147:
 2296 057d 6D656D63 		.ascii	"memcore_t\000"
 2296      6F72655F 
 2296      7400
 2297              	.LASF76:
 2298 0587 53797374 		.ascii	"SystemCoreClock\000"
 2298      656D436F 
 2298      7265436C 
 2298      6F636B00 
 2299              	.LASF28:
 2300 0597 636F7265 		.ascii	"core_id_t\000"
 2300      5F69645F 
 2300      7400
 2301              	.LASF22:
 2302 05a1 74726566 		.ascii	"trefs_t\000"
 2302      735F7400 
 2303              	.LASF140:
 2304 05a9 63686465 		.ascii	"chdebug_t\000"
 2304      6275675F 
 2304      7400
 2305              	.LASF154:
 2306 05b3 63685F64 		.ascii	"ch_dyn_element\000"
 2306      796E5F65 
 2306      6C656D65 
 2306      6E7400
 2307              	.LASF23:
 2308 05c2 74707269 		.ascii	"tprio_t\000"
ARM GAS  /tmp/ccfEy0nF.s 			page 47


 2308      6F5F7400 
 2309              	.LASF128:
 2310 05ca 74687265 		.ascii	"threadsize\000"
 2310      61647369 
 2310      7A6500
 2311              	.LASF143:
 2312 05d5 5F426F6F 		.ascii	"_Bool\000"
 2312      6C00
 2313              	.LASF6:
 2314 05db 696E7433 		.ascii	"int32_t\000"
 2314      325F7400 
 2315              	.LASF9:
 2316 05e3 756E7369 		.ascii	"unsigned char\000"
 2316      676E6564 
 2316      20636861 
 2316      7200
 2317              	.LASF129:
 2318 05f1 6F66665F 		.ascii	"off_prio\000"
 2318      7072696F 
 2318      00
 2319              	.LASF134:
 2320 05fa 6F66665F 		.ascii	"off_stklimit\000"
 2320      73746B6C 
 2320      696D6974 
 2320      00
 2321              	.LASF56:
 2322 0607 72666375 		.ascii	"rfcu_t\000"
 2322      5F7400
 2323              	.LASF4:
 2324 060e 73686F72 		.ascii	"short int\000"
 2324      7420696E 
 2324      7400
 2325              	.LASF90:
 2326 0618 6C617374 		.ascii	"lasttime\000"
 2326      74696D65 
 2326      00
 2327              	.LASF159:
 2328 0621 6F626A5F 		.ascii	"obj_list\000"
 2328      6C697374 
 2328      00
 2329              	.LASF106:
 2330 062a 65776D61 		.ascii	"ewmask\000"
 2330      736B00
 2331              	.LASF118:
 2332 0631 63685F73 		.ascii	"ch_system\000"
 2332      79737465 
 2332      6D00
 2333              	.LASF168:
 2334 063b 63685F66 		.ascii	"ch_factory\000"
 2334      6163746F 
 2334      727900
 2335              	.LASF160:
 2336 0646 6F626A5F 		.ascii	"obj_pool\000"
 2336      706F6F6C 
 2336      00
 2337              	.LASF107:
 2338 064f 63685F73 		.ascii	"ch_semaphore\000"
ARM GAS  /tmp/ccfEy0nF.s 			page 48


 2338      656D6170 
 2338      686F7265 
 2338      00
 2339              	.LASF139:
 2340 065c 6F66665F 		.ascii	"off_time\000"
 2340      74696D65 
 2340      00
 2341              	.LASF95:
 2342 0665 72656769 		.ascii	"registry_t\000"
 2342      73747279 
 2342      5F7400
 2343              	.LASF166:
 2344 0670 70697065 		.ascii	"pipe_list\000"
 2344      5F6C6973 
 2344      7400
 2345              	.LASF12:
 2346 067a 75696E74 		.ascii	"uint32_t\000"
 2346      33325F74 
 2346      00
 2347              	.LASF105:
 2348 0683 77746D74 		.ascii	"wtmtxp\000"
 2348      787000
 2349              	.LASF17:
 2350 068a 706F7274 		.ascii	"port_stkalign_t\000"
 2350      5F73746B 
 2350      616C6967 
 2350      6E5F7400 
 2351              	.LASF31:
 2352 069a 6F776E65 		.ascii	"owner\000"
 2352      7200
 2353              	.LASF13:
 2354 06a0 6C6F6E67 		.ascii	"long unsigned int\000"
 2354      20756E73 
 2354      69676E65 
 2354      6420696E 
 2354      7400
 2355              	.LASF33:
 2356 06b2 77616261 		.ascii	"wabase\000"
 2356      736500
 2357              	.LASF59:
 2358 06b9 63686172 		.ascii	"char\000"
 2358      00
 2359              	.LASF83:
 2360 06be 63685F73 		.ascii	"ch_sys_uninit\000"
 2360      79735F75 
 2360      6E696E69 
 2360      7400
 2361              	.LASF51:
 2362 06cc 636F6E66 		.ascii	"config\000"
 2362      696700
 2363              	.LASF29:
 2364 06d3 74687265 		.ascii	"thread_t\000"
 2364      61645F74 
 2364      00
 2365              	.LASF148:
 2366 06dc 63685F6D 		.ascii	"ch_memcore\000"
 2366      656D636F 
ARM GAS  /tmp/ccfEy0nF.s 			page 49


 2366      726500
 2367              	.LASF89:
 2368 06e7 646C6973 		.ascii	"dlist\000"
 2368      7400
 2369              	.LASF61:
 2370 06ed 73797374 		.ascii	"systime_t\000"
 2370      696D655F 
 2370      7400
 2371              	.LASF58:
 2372 06f7 70616E69 		.ascii	"panic_msg\000"
 2372      635F6D73 
 2372      6700
 2373              	.LASF98:
 2374 0701 70717565 		.ascii	"pqueue\000"
 2374      756500
 2375              	.LASF45:
 2376 0708 63685F6F 		.ascii	"ch_os_instance\000"
 2376      735F696E 
 2376      7374616E 
 2376      636500
 2377              	.LASF81:
 2378 0717 6F666673 		.ascii	"offset\000"
 2378      657400
 2379              	.LASF121:
 2380 071e 63685F63 		.ascii	"ch_core0_cfg\000"
 2380      6F726530 
 2380      5F636667 
 2380      00
 2381              	.LASF108:
 2382 072b 63685F6D 		.ascii	"ch_mutex\000"
 2382      75746578 
 2382      00
 2383              	.LASF132:
 2384 0734 6F66665F 		.ascii	"off_older\000"
 2384      6F6C6465 
 2384      7200
 2385              	.LASF48:
 2386 073e 7265676C 		.ascii	"reglist\000"
 2386      69737400 
 2387              	.LASF11:
 2388 0746 73686F72 		.ascii	"short unsigned int\000"
 2388      7420756E 
 2388      7369676E 
 2388      65642069 
 2388      6E7400
 2389              	.LASF86:
 2390 0759 63685F73 		.ascii	"ch_sys_halted\000"
 2390      79735F68 
 2390      616C7465 
 2390      6400
 2391              	.LASF70:
 2392 0767 63685F70 		.ascii	"ch_priority_queue\000"
 2392      72696F72 
 2392      6974795F 
 2392      71756575 
 2392      6500
 2393              	.LASF114:
ARM GAS  /tmp/ccfEy0nF.s 			page 50


 2394 0779 6D61696E 		.ascii	"mainthread_end\000"
 2394      74687265 
 2394      61645F65 
 2394      6E6400
 2395              	.LASF150:
 2396 0788 6F626A65 		.ascii	"object_size\000"
 2396      63745F73 
 2396      697A6500 
 2397              	.LASF126:
 2398 0794 70747273 		.ascii	"ptrsize\000"
 2398      697A6500 
 2399              	.LASF158:
 2400 079c 63685F6F 		.ascii	"ch_objects_factory\000"
 2400      626A6563 
 2400      74735F66 
 2400      6163746F 
 2400      727900
 2401              	.LASF149:
 2402 07af 706F6F6C 		.ascii	"pool_header\000"
 2402      5F686561 
 2402      64657200 
 2403              	.LASF73:
 2404 07bb 63685F64 		.ascii	"ch_delta_list\000"
 2404      656C7461 
 2404      5F6C6973 
 2404      7400
 2405              	.LASF133:
 2406 07c9 6F66665F 		.ascii	"off_name\000"
 2406      6E616D65 
 2406      00
 2407              	.LASF8:
 2408 07d2 75696E74 		.ascii	"uint8_t\000"
 2408      385F7400 
 2409              	.LASF35:
 2410 07da 666C6167 		.ascii	"flags\000"
 2410      7300
 2411              	.LASF165:
 2412 07e0 6669666F 		.ascii	"fifo_list\000"
 2412      5F6C6973 
 2412      7400
 2413              	.LASF101:
 2414 07ea 77746F62 		.ascii	"wtobjp\000"
 2414      6A7000
 2415              	.LASF135:
 2416 07f1 6F66665F 		.ascii	"off_state\000"
 2416      73746174 
 2416      6500
 2417              	.LASF167:
 2418 07fb 6F626A65 		.ascii	"objects_factory_t\000"
 2418      6374735F 
 2418      66616374 
 2418      6F72795F 
 2418      7400
 2419              	.LASF97:
 2420 080d 6C697374 		.ascii	"list\000"
 2420      00
 2421              	.LASF87:
ARM GAS  /tmp/ccfEy0nF.s 			page 51


 2422 0812 73797374 		.ascii	"system_state_t\000"
 2422      656D5F73 
 2422      74617465 
 2422      5F7400
 2423              	.LASF136:
 2424 0821 6F66665F 		.ascii	"off_flags\000"
 2424      666C6167 
 2424      7300
 2425              	.LASF116:
 2426 082b 69646C65 		.ascii	"idlethread_end\000"
 2426      74687265 
 2426      61645F65 
 2426      6E6400
 2427              	.LASF40:
 2428 083a 6D74786C 		.ascii	"mtxlist\000"
 2428      69737400 
 2429              		.text
 2430              		.section	.gnu.lto_.profile.37f5582e2d08d233,"e",%progbits
 2431 0000 789CE360 		.ascii	"x\234\343``\004B \000\000\000]\000\013"
 2431      60044220 
 2431      0000005D 
 2431      000B
 2432              		.text
 2433              		.section	.gnu.lto_.icf.37f5582e2d08d233,"e",%progbits
 2434 0000 789CE360 		.ascii	"x\234\343``d`b@\006\000\000\316\000\014"
 2434      60646062 
 2434      40060000 
 2434      CE000C
 2435              		.text
 2436              		.section	.gnu.lto_.jmpfuncs.37f5582e2d08d233,"e",%progbits
 2437 0000 789CE360 		.ascii	"x\234\343``d`b@\006\000\000\316\000\014"
 2437      60646062 
 2437      40060000 
 2437      CE000C
 2438              		.text
 2439              		.section	.gnu.lto_.inline.37f5582e2d08d233,"e",%progbits
 2440 0000 789CE360 		.ascii	"x\234\343``d`b@\006\000\000\316\000\014"
 2440      60646062 
 2440      40060000 
 2440      CE000C
 2441              		.text
 2442              		.section	.gnu.lto_.pureconst.37f5582e2d08d233,"e",%progbits
 2443 0000 789CE360 		.ascii	"x\234\343``\004B \000\000\000]\000\013"
 2443      60044220 
 2443      0000005D 
 2443      000B
 2444              		.text
 2445              		.section	.gnu.lto_.symbol_nodes.37f5582e2d08d233,"e",%progbits
 2446 0000 789CE360 		.ascii	"x\234\343``d`b\000\001\000\000n\000\014"
 2446      60646062 
 2446      00010000 
 2446      6E000C
 2447              		.text
 2448              		.section	.gnu.lto_.refs.37f5582e2d08d233,"e",%progbits
 2449 0000 789CE360 		.ascii	"x\234\343``\004B \000\000\000]\000\013"
 2449      60044220 
 2449      0000005D 
ARM GAS  /tmp/ccfEy0nF.s 			page 52


 2449      000B
 2450              		.text
 2451              		.section	.gnu.lto_.decls.37f5582e2d08d233,"e",%progbits
 2452 0000 789CE360 		.ascii	"x\234\343``d\000\001\020\251\002\304\377\201\000\304"
 2452      60640001 
 2452      10A902C4 
 2452      FF8100C4 
 2453 0010 BEC84000 		.ascii	"\276\310@\000\000\000\3015\004\375"
 2453      0000C135 
 2453      04FD
 2454              		.text
 2455              		.section	.gnu.lto_.symtab.37f5582e2d08d233,"e",%progbits
 2456              		.text
 2457              		.section	.gnu.lto_.opts,"e",%progbits
 2458 0000 272D666E 		.ascii	"'-fno-openmp' '-fno-openacc' '-fno-pie' '-mcpu=cort"
 2458      6F2D6F70 
 2458      656E6D70 
 2458      2720272D 
 2458      666E6F2D 
 2459 0033 65782D6D 		.ascii	"ex-m3' '-mthumb' '-mfloat-abi=soft' '-march=armv7-m"
 2459      33272027 
 2459      2D6D7468 
 2459      756D6227 
 2459      20272D6D 
 2460 0066 2720272D 		.ascii	"' '-O2' '-fomit-frame-pointer' '-falign-functions=1"
 2460      4F322720 
 2460      272D666F 
 2460      6D69742D 
 2460      6672616D 
 2461 0099 36272027 		.ascii	"6' '-ffunction-sections' '-fdata-sections' '-fno-co"
 2461      2D666675 
 2461      6E637469 
 2461      6F6E2D73 
 2461      65637469 
 2462 00cc 6D6D6F6E 		.ascii	"mmon' '-flto'\000"
 2462      2720272D 
 2462      666C746F 
 2462      2700
 2463              		.text
 2464              		.comm	__gnu_lto_v1,1,1
 2465              		.comm	__gnu_lto_slim,1,1
 2466              		.ident	"GCC: (15:9-2019-q4-0ubuntu1) 9.2.1 20191025 (release) [ARM/arm-9-branch revision 277599]"
ARM GAS  /tmp/ccfEy0nF.s 			page 53


DEFINED SYMBOLS
                            *ABS*:0000000000000000 osal.c
     /tmp/ccfEy0nF.s:36     .gnu.debuglto_.debug_info:0000000000000000 osal.c.2141b95a
                            *COM*:0000000000000001 __gnu_lto_v1
                            *COM*:0000000000000001 __gnu_lto_slim

NO UNDEFINED SYMBOLS
